[INFO ] 2024-06-12 00:00:37.516 [main] SellerTestPage - Clicked on Seller
[INFO ] 2024-06-12 00:00:53.488 [main] SellerTestPage - Clicked on Start Selling
[INFO ] 2024-06-12 00:00:53.556 [main] SellerTestPage - Username field is displayed
[INFO ] 2024-06-12 00:00:53.623 [main] SellerTestPage - Email field is displayed
[INFO ] 2024-06-12 00:01:16.042 [main] AppliancesTestPage - Navigated to URL: https://www.flipkart.com/
[INFO ] 2024-06-12 00:01:16.124 [main] AppliancesTestPage - Appliances link is visible
[INFO ] 2024-06-12 00:01:19.809 [main] AppliancesTestPage - Clicked on Appliances
[INFO ] 2024-06-12 00:01:42.067 [main] ViewCartTest - Navigated to URL: https://www.flipkart.com/
[INFO ] 2024-06-12 00:01:50.126 [main] ViewCartTest - Clicked on view cart icon
[INFO ] 2024-06-12 00:02:13.188 [main] SignupTest - Launching browser
[INFO ] 2024-06-12 00:02:17.534 [main] SignupTest - Click on the signup successful
[INFO ] 2024-06-12 00:02:17.752 [main] SignupTest - Click Create new account
[INFO ] 2024-06-12 00:02:18.125 [main] SignupTest - Enter the phone number to register
[INFO ] 2024-06-12 00:02:18.252 [main] SignupTest - Sign up successful
[INFO ] 2024-06-12 00:02:40.413 [main] AddtocartTest - Navigated to URL: https://www.flipkart.com/
[INFO ] 2024-06-12 00:02:59.972 [main] AddtocartTest - Entered search data: iphone
[INFO ] 2024-06-12 00:03:00.265 [main] AddtocartTest - Selected the product
[INFO ] 2024-06-12 00:03:52.640 [main] MobilePageTest - Navigated to URL: https://www.flipkart.com/
[INFO ] 2024-06-12 00:03:56.204 [main] MobilePageTest - Clicked on Mobiles Image
[INFO ] 2024-06-12 00:04:17.461 [main] GroceryTestPage - Navigated to URL: https://www.flipkart.com/
[INFO ] 2024-06-12 00:04:23.840 [main] GroceryTestPage - Clicked on Grocery
[INFO ] 2024-06-12 00:04:24.783 [main] GroceryTestPage - Clicked on Current Location 
[INFO ] 2024-06-12 00:04:28.466 [main] GroceryTestPage - Clicked on Staples
[INFO ] 2024-06-12 00:04:30.220 [main] GroceryTestPage - Added Item to Cart
[INFO ] 2024-06-12 00:04:30.424 [main] GroceryTestPage - Viewed Cart Item
[INFO ] 2024-06-12 00:04:55.269 [main] TravelTestPage - Navigated to URL: https://www.flipkart.com/
[INFO ] 2024-06-12 00:05:00.555 [main] TravelTestPage - Clicked on Travel Image
[INFO ] 2024-06-12 00:05:01.068 [main] TravelTestPage - From input field is displayed
[INFO ] 2024-06-12 00:05:01.149 [main] TravelTestPage - To input field is displayed
[INFO ] 2024-06-12 00:05:01.286 [main] TravelTestPage - Search button is displayed
[INFO ] 2024-06-12 01:56:11.329 [main] LoginTest - Navigated to URL: https://www.flipkart.com/
[INFO ] 2024-06-12 01:56:26.460 [main] LoginTest - Clicked Login
[INFO ] 2024-06-12 01:56:26.675 [main] LoginTest - Entered Username: 9452271671
[INFO ] 2024-06-12 01:56:26.928 [main] LoginTest - Clicked Submit
[INFO ] 2024-06-12 01:56:26.928 [main] LoginTest - Test completed for value: 9452271671
[INFO ] 2024-06-12 01:56:52.059 [main] TestScenario4 - Navigated to URL: https://www.flipkart.com/
[INFO ] 2024-06-12 01:56:52.375 [main] TestScenario4 - Enter product to search
[INFO ] 2024-06-12 01:57:15.750 [main] TestScenario4 - Click on the search button
[INFO ] 2024-06-12 01:57:16.062 [main] TestScenario4 - Click on the Add to compare button
[INFO ] 2024-06-12 01:57:16.324 [main] TestScenario4 - Compare button tested successfully to compare two products.
[INFO ] 2024-06-12 01:57:41.971 [main] TestScenario4 - Navigated to URL
[INFO ] 2024-06-12 01:57:48.077 [main] TestScenario4 - Clicked on view cart icon successfully
[INFO ] 2024-06-12 01:57:51.044 [main] TestScenario4 - Clicked on Flipkart Plus icon successfully
[INFO ] 2024-06-12 01:57:51.052 [main] TestScenario4 - Successfully go back to homepage by clicking on Flipkart Plus
[INFO ] 2024-06-12 01:58:13.406 [main] TestScenario4 - Navigated to URL
[INFO ] 2024-06-12 01:58:13.793 [main] TestScenario4 - Click on the ClearTrip page
[INFO ] 2024-06-12 01:58:13.793 [main] TestScenario4 - Successfully displayed the ClearTrip Page
[INFO ] 2024-06-12 01:58:36.553 [main] TestScenario4 - Navigated to URL
[INFO ] 2024-06-12 01:58:44.767 [main] TestScenario4 - Click on the GiftCards Page
[INFO ] 2024-06-12 01:58:46.684 [main] TestScenario4 - Click on the wallet
[INFO ] 2024-06-12 01:58:46.684 [main] TestScenario4 - Wallet Form is successfully shown
[INFO ] 2024-06-12 01:59:11.565 [main] TestScenario4 - Navigated to URL
[INFO ] 2024-06-12 01:59:16.597 [main] TestScenario4 - Click on the Cancellation Policy Page
[INFO ] 2024-06-12 01:59:16.597 [main] TestScenario4 - Order Cancellation Page is successfully showing
[INFO ] 2024-06-12 01:59:39.631 [main] SearchProduct - Launching browser
[INFO ] 2024-06-12 01:59:39.893 [main] SearchProduct - Performed search for: iphone
[INFO ] 2024-06-12 01:59:58.049 [main] SearchProduct - Click on the search button
[INFO ] 2024-06-12 01:59:58.049 [main] SearchProduct - Search product successful
[INFO ] 2024-06-12 02:00:22.051 [main] TestScenario3 - Navigated to URL: https://www.flipkart.com/
[INFO ] 2024-06-12 02:00:52.931 [main] TestScenario3 - Navigated to Shopsy URL: https://seller.flipkart.com/shopsy
[INFO ] 2024-06-12 02:00:52.945 [main] TestScenario3 - Test Shopsy passed
[INFO ] 2024-06-12 02:01:22.848 [main] TestScenario3 - Navigated to URL: https://www.flipkart.com/
[INFO ] 2024-06-12 02:01:23.131 [main] TestScenario3 - Click on the dropdown where notifications are shown
[INFO ] 2024-06-12 02:01:27.439 [main] TestScenario3 - All the notifications are shown
[INFO ] 2024-06-12 02:01:49.924 [main] TestScenario3 - Navigated to URL: https://www.flipkart.com/
[INFO ] 2024-06-12 02:01:50.512 [main] TestScenario3 - Click on the Myntra link
[INFO ] 2024-06-12 02:02:14.248 [main] TestScenario3 - Navigated to URL: https://www.flipkart.com/
[INFO ] 2024-06-12 02:02:23.389 [main] TestScenario3 - Click on the Terms And Conditions Page
[INFO ] 2024-06-12 02:02:45.490 [main] TestScenario3 - Navigated to URL: https://www.flipkart.com/
[INFO ] 2024-06-12 02:02:54.372 [main] TestScenario3 - Clicked on Appliances link
[INFO ] 2024-06-12 02:02:54.877 [main] TestScenario3 - Clicked on Offer Zone Page link
[INFO ] 2024-06-12 02:03:05.021 [main] TestScenario3 - Clicked on Offer Product Page link
[INFO ] 2024-06-12 02:03:28.103 [main] SellerTestPage - Navigated to URL: https://www.flipkart.com/
[INFO ] 2024-06-12 02:03:59.106 [main] SellerTestPage - Clicked on Seller
[INFO ] 2024-06-12 02:04:16.353 [main] SellerTestPage - Clicked on Start Selling
[INFO ] 2024-06-12 02:04:16.448 [main] SellerTestPage - Username field is displayed
[INFO ] 2024-06-12 02:04:16.519 [main] SellerTestPage - Email field is displayed
[INFO ] 2024-06-12 02:04:40.906 [main] AppliancesTestPage - Navigated to URL: https://www.flipkart.com/
[INFO ] 2024-06-12 02:04:41.008 [main] AppliancesTestPage - Appliances link is visible
[INFO ] 2024-06-12 02:04:49.171 [main] AppliancesTestPage - Clicked on Appliances
[INFO ] 2024-06-12 02:05:12.490 [main] ViewCartTest - Navigated to URL: https://www.flipkart.com/
[INFO ] 2024-06-12 02:05:21.588 [main] ViewCartTest - Clicked on view cart icon
[INFO ] 2024-06-12 02:05:46.945 [main] SignupTest - Launching browser
[INFO ] 2024-06-12 02:05:53.405 [main] SignupTest - Clicked on the signup link
[INFO ] 2024-06-12 02:05:53.612 [main] SignupTest - Clicked on Create new account link
[INFO ] 2024-06-12 02:05:53.902 [main] SignupTest - Entered the phone number to register
[INFO ] 2024-06-12 02:05:54.049 [main] SignupTest - Sign up successful
[INFO ] 2024-06-12 02:06:17.559 [main] AddtocartTest - Navigated to URL: https://www.flipkart.com/
[INFO ] 2024-06-12 02:06:38.944 [main] AddtocartTest - Entered search data: iphone
[INFO ] 2024-06-12 02:06:39.326 [main] AddtocartTest - Selected the product
[INFO ] 2024-06-12 02:07:34.020 [main] MobilePageTest - Navigated to URL: https://www.flipkart.com/
[INFO ] 2024-06-12 02:07:34.280 [main] MobilePageTest - Mobiles image is clickable
[INFO ] 2024-06-12 02:07:39.357 [main] MobilePageTest - Clicked on Mobiles Image
[INFO ] 2024-06-12 02:08:02.081 [main] GroceryTestPage - Navigated to URL: https://www.flipkart.com/
[INFO ] 2024-06-12 02:08:08.084 [main] GroceryTestPage - Clicked on Grocery
[INFO ] 2024-06-12 02:08:09.123 [main] GroceryTestPage - Clicked on Current Location 
[INFO ] 2024-06-12 02:08:12.448 [main] GroceryTestPage - Clicked on Staples
[INFO ] 2024-06-12 02:08:14.053 [main] GroceryTestPage - Added Item to Cart
[INFO ] 2024-06-12 02:08:14.239 [main] GroceryTestPage - Viewed Cart Item
[INFO ] 2024-06-12 02:08:36.638 [main] TravelTestPage - Navigated to URL: https://www.flipkart.com/
[INFO ] 2024-06-12 02:08:40.455 [main] TravelTestPage - Clicked on Travel Image
[INFO ] 2024-06-12 02:08:42.004 [main] TravelTestPage - From input field is displayed
[INFO ] 2024-06-12 02:08:42.314 [main] TravelTestPage - To input field is displayed
[INFO ] 2024-06-12 02:08:42.518 [main] TravelTestPage - Search button is displayed
[INFO ] 2024-06-12 11:51:12.625 [main] LoginTest - Navigated to URL: https://www.flipkart.com/
[INFO ] 2024-06-12 11:51:16.999 [main] LoginTest - Clicked Login
[INFO ] 2024-06-12 11:51:17.171 [main] LoginTest - Entered Username: 9452271671
[INFO ] 2024-06-12 11:51:17.380 [main] LoginTest - Clicked Submit
[INFO ] 2024-06-12 11:51:17.380 [main] LoginTest - Test completed for value: 9452271671
[INFO ] 2024-06-12 11:51:38.749 [main] TestScenario4 - Navigated to URL: https://www.flipkart.com/
[INFO ] 2024-06-12 11:51:39.038 [main] TestScenario4 - Enter product to search
[INFO ] 2024-06-12 11:51:57.686 [main] TestScenario4 - Click on the search button
[INFO ] 2024-06-12 11:51:58.058 [main] TestScenario4 - Click on the Add to compare button
[INFO ] 2024-06-12 11:51:58.336 [main] TestScenario4 - Compare button tested successfully to compare two products.
[INFO ] 2024-06-12 11:52:20.171 [main] TestScenario4 - Navigated to URL
[INFO ] 2024-06-12 11:52:21.576 [main] TestScenario4 - Clicked on view cart icon successfully
[INFO ] 2024-06-12 11:52:24.476 [main] TestScenario4 - Clicked on Flipkart Plus icon successfully
[INFO ] 2024-06-12 11:52:24.476 [main] TestScenario4 - Successfully go back to homepage by clicking on Flipkart Plus
[INFO ] 2024-06-12 11:52:49.870 [main] TestScenario4 - Navigated to URL
[INFO ] 2024-06-12 11:52:50.284 [main] TestScenario4 - Click on the ClearTrip page
[INFO ] 2024-06-12 11:52:50.285 [main] TestScenario4 - Successfully displayed the ClearTrip Page
[INFO ] 2024-06-12 11:53:11.562 [main] TestScenario4 - Navigated to URL
[INFO ] 2024-06-12 11:53:12.997 [main] TestScenario4 - Click on the GiftCards Page
[INFO ] 2024-06-12 11:53:14.467 [main] TestScenario4 - Click on the wallet
[INFO ] 2024-06-12 11:53:14.468 [main] TestScenario4 - Wallet Form is successfully shown
[INFO ] 2024-06-12 11:53:36.537 [main] TestScenario4 - Navigated to URL
[INFO ] 2024-06-12 11:53:37.933 [main] TestScenario4 - Click on the Cancellation Policy Page
[INFO ] 2024-06-12 11:53:37.933 [main] TestScenario4 - Order Cancellation Page is successfully showing
[INFO ] 2024-06-12 11:54:01.144 [main] TestScenario3 - Navigated to URL: https://www.flipkart.com/
[INFO ] 2024-06-12 11:54:33.703 [main] TestScenario3 - Navigated to Shopsy URL: https://seller.flipkart.com/shopsy
[INFO ] 2024-06-12 11:54:33.717 [main] TestScenario3 - Test Shopsy passed
[INFO ] 2024-06-12 11:54:54.674 [main] TestScenario3 - Navigated to URL: https://www.flipkart.com/
[INFO ] 2024-06-12 11:54:54.858 [main] TestScenario3 - Click on the dropdown where notifications are shown
[INFO ] 2024-06-12 11:54:56.279 [main] TestScenario3 - All the notifications are shown
[INFO ] 2024-06-12 11:55:19.658 [main] TestScenario3 - Navigated to URL: https://www.flipkart.com/
[INFO ] 2024-06-12 11:55:19.951 [main] TestScenario3 - Click on the Myntra link
[INFO ] 2024-06-12 11:55:40.852 [main] TestScenario3 - Navigated to URL: https://www.flipkart.com/
[INFO ] 2024-06-12 11:55:42.733 [main] TestScenario3 - Click on the Terms And Conditions Page
[INFO ] 2024-06-12 11:56:04.948 [main] TestScenario3 - Navigated to URL: https://www.flipkart.com/
[INFO ] 2024-06-12 11:56:06.991 [main] TestScenario3 - Clicked on Appliances link
[INFO ] 2024-06-12 11:56:07.362 [main] TestScenario3 - Clicked on Offer Zone Page link
[INFO ] 2024-06-12 11:56:09.094 [main] TestScenario3 - Clicked on Offer Product Page link
[INFO ] 2024-06-12 11:56:30.861 [main] SearchProduct - Launching browser
[INFO ] 2024-06-12 11:56:31.113 [main] SearchProduct - Performed search for: iphone
[INFO ] 2024-06-12 11:56:48.122 [main] SearchProduct - Click on the search button
[INFO ] 2024-06-12 11:56:48.122 [main] SearchProduct - Search product successful
[INFO ] 2024-06-12 11:57:10.390 [main] SellerTestPage - Navigated to URL: https://www.flipkart.com/
[INFO ] 2024-06-12 11:57:41.207 [main] SellerTestPage - Clicked on Seller
[INFO ] 2024-06-12 11:58:09.316 [main] SellerTestPage - Clicked on Start Selling
[INFO ] 2024-06-12 11:58:09.397 [main] SellerTestPage - Username field is displayed
[INFO ] 2024-06-12 11:58:09.447 [main] SellerTestPage - Email field is displayed
[INFO ] 2024-06-12 11:58:32.462 [main] AppliancesTestPage - Navigated to URL: https://www.flipkart.com/
[INFO ] 2024-06-12 11:58:32.531 [main] AppliancesTestPage - Appliances link is visible
[INFO ] 2024-06-12 11:58:34.369 [main] AppliancesTestPage - Clicked on Appliances
[INFO ] 2024-06-12 11:58:55.983 [main] ViewCartTest - Navigated to URL: https://www.flipkart.com/
[INFO ] 2024-06-12 11:58:57.403 [main] ViewCartTest - Clicked on view cart icon
[INFO ] 2024-06-12 11:59:19.088 [main] SignupTest - Launching browser
[INFO ] 2024-06-12 11:59:21.788 [main] SignupTest - Clicked on the signup link
[INFO ] 2024-06-12 11:59:21.979 [main] SignupTest - Clicked on Create new account link
[INFO ] 2024-06-12 11:59:22.268 [main] SignupTest - Entered the phone number to register
[INFO ] 2024-06-12 11:59:22.401 [main] SignupTest - Sign up successful
[INFO ] 2024-06-12 11:59:43.688 [main] AddtocartTest - Navigated to URL: https://www.flipkart.com/
[INFO ] 2024-06-12 12:00:00.688 [main] AddtocartTest - Entered search data: iphone
[INFO ] 2024-06-12 12:00:01.053 [main] AddtocartTest - Selected the product
[INFO ] 2024-06-12 12:00:52.988 [main] MobilePageTest - Navigated to URL: https://www.flipkart.com/
[INFO ] 2024-06-12 12:00:53.154 [main] MobilePageTest - Mobiles image is clickable
[INFO ] 2024-06-12 12:00:56.043 [main] MobilePageTest - Clicked on Mobiles Image
[INFO ] 2024-06-12 12:01:19.061 [main] GroceryTestPage - Navigated to URL: https://www.flipkart.com/
[INFO ] 2024-06-12 12:01:21.126 [main] GroceryTestPage - Clicked on Grocery
[INFO ] 2024-06-12 12:01:22.164 [main] GroceryTestPage - Clicked on Current Location 
[INFO ] 2024-06-12 12:01:24.635 [main] GroceryTestPage - Clicked on Staples
[INFO ] 2024-06-12 12:01:26.051 [main] GroceryTestPage - Added Item to Cart
[INFO ] 2024-06-12 12:01:26.290 [main] GroceryTestPage - Viewed Cart Item
[INFO ] 2024-06-12 12:01:47.801 [main] TravelTestPage - Navigated to URL: https://www.flipkart.com/
[INFO ] 2024-06-12 12:01:50.664 [main] TravelTestPage - Clicked on Travel Image
[INFO ] 2024-06-12 12:01:51.121 [main] TravelTestPage - From input field is displayed
[INFO ] 2024-06-12 12:01:51.425 [main] TravelTestPage - To input field is displayed
[INFO ] 2024-06-12 12:01:51.736 [main] TravelTestPage - Search button is displayed
[INFO ] 2024-06-12 12:27:14.211 [main] GroceryTestPage - Navigated to URL: https://www.flipkart.com/
[INFO ] 2024-06-12 12:27:31.977 [main] GroceryTestPage - Clicked on Grocery
[INFO ] 2024-06-12 12:27:33.742 [main] GroceryTestPage - Clicked on Current Location 
[INFO ] 2024-06-12 12:27:35.154 [main] GroceryTestPage - Clicked on Staples
[INFO ] 2024-06-12 12:27:36.710 [main] GroceryTestPage - Added Item to Cart
[INFO ] 2024-06-12 12:27:36.949 [main] GroceryTestPage - Viewed Cart Item
[INFO ] 2024-06-12 12:28:00.990 [main] MobilePageTest - Navigated to URL: https://www.flipkart.com/
[INFO ] 2024-06-12 12:28:01.121 [main] MobilePageTest - Mobiles image is clickable
[INFO ] 2024-06-12 12:28:05.826 [main] MobilePageTest - Clicked on Mobiles Image
[INFO ] 2024-06-12 12:28:27.410 [main] SellerTestPage - Navigated to URL: https://www.flipkart.com/
[INFO ] 2024-06-12 12:29:00.385 [main] SellerTestPage - Clicked on Seller
[INFO ] 2024-06-12 12:29:16.534 [main] SellerTestPage - Clicked on Start Selling
[INFO ] 2024-06-12 12:29:16.647 [main] SellerTestPage - Username field is displayed
[INFO ] 2024-06-12 12:29:16.715 [main] SellerTestPage - Email field is displayed
[INFO ] 2024-06-12 12:29:38.374 [main] SignupTest - Launching browser
[INFO ] 2024-06-12 12:29:41.205 [main] SignupTest - Clicked on the signup link
[INFO ] 2024-06-12 12:29:41.390 [main] SignupTest - Clicked on Create new account link
[INFO ] 2024-06-12 12:29:41.611 [main] SignupTest - Entered the phone number to register
[INFO ] 2024-06-12 12:29:41.727 [main] SignupTest - Sign up successful
[INFO ] 2024-06-12 12:30:04.448 [main] ViewCartTest - Navigated to URL: https://www.flipkart.com/
[INFO ] 2024-06-12 12:30:05.811 [main] ViewCartTest - Clicked on view cart icon
[INFO ] 2024-06-12 12:30:27.251 [main] TravelTestPage - Navigated to URL: https://www.flipkart.com/
[INFO ] 2024-06-12 12:30:28.615 [main] TravelTestPage - Clicked on Travel Image
[INFO ] 2024-06-12 12:30:28.950 [main] TravelTestPage - From input field is displayed
[INFO ] 2024-06-12 12:30:29.013 [main] TravelTestPage - To input field is displayed
[INFO ] 2024-06-12 12:30:29.059 [main] TravelTestPage - Search button is displayed
[INFO ] 2024-06-12 12:30:52.837 [main] AppliancesTestPage - Navigated to URL: https://www.flipkart.com/
[INFO ] 2024-06-12 12:30:52.927 [main] AppliancesTestPage - Appliances link is visible
[INFO ] 2024-06-12 12:30:57.326 [main] AppliancesTestPage - Clicked on Appliances
[INFO ] 2024-06-12 12:31:21.138 [main] LoginTest - Navigated to URL: https://www.flipkart.com/
[INFO ] 2024-06-12 12:31:24.130 [main] LoginTest - Clicked Login
[INFO ] 2024-06-12 12:31:24.333 [main] LoginTest - Entered Username: 9452271671
[INFO ] 2024-06-12 12:31:24.578 [main] LoginTest - Clicked Submit
[INFO ] 2024-06-12 12:31:24.578 [main] LoginTest - Test completed for value: 9452271671
[INFO ] 2024-06-12 12:31:47.306 [main] TestScenario4 - Navigated to URL: https://www.flipkart.com/
[INFO ] 2024-06-12 12:31:47.518 [main] TestScenario4 - Enter product to search
[INFO ] 2024-06-12 12:32:05.641 [main] TestScenario4 - Click on the search button
[INFO ] 2024-06-12 12:32:06.030 [main] TestScenario4 - Click on the Add to compare button
[INFO ] 2024-06-12 12:32:06.304 [main] TestScenario4 - Compare button tested successfully to compare two products.
[INFO ] 2024-06-12 12:32:28.805 [main] TestScenario4 - Navigated to URL
[INFO ] 2024-06-12 12:32:30.308 [main] TestScenario4 - Clicked on view cart icon successfully
[INFO ] 2024-06-12 12:32:33.152 [main] TestScenario4 - Clicked on Flipkart Plus icon successfully
[INFO ] 2024-06-12 12:32:33.152 [main] TestScenario4 - Successfully go back to homepage by clicking on Flipkart Plus
[INFO ] 2024-06-12 12:32:53.675 [main] TestScenario4 - Navigated to URL
[INFO ] 2024-06-12 12:32:54.380 [main] TestScenario4 - Click on the ClearTrip page
[INFO ] 2024-06-12 12:32:54.380 [main] TestScenario4 - Successfully displayed the ClearTrip Page
[INFO ] 2024-06-12 12:33:15.679 [main] TestScenario4 - Navigated to URL
[INFO ] 2024-06-12 12:33:17.304 [main] TestScenario4 - Click on the GiftCards Page
[INFO ] 2024-06-12 12:33:19.347 [main] TestScenario4 - Click on the wallet
[INFO ] 2024-06-12 12:33:19.347 [main] TestScenario4 - Wallet Form is successfully shown
[INFO ] 2024-06-12 12:33:40.771 [main] TestScenario4 - Navigated to URL
[INFO ] 2024-06-12 12:33:43.369 [main] TestScenario4 - Click on the Cancellation Policy Page
[INFO ] 2024-06-12 12:33:43.369 [main] TestScenario4 - Order Cancellation Page is successfully showing
[INFO ] 2024-06-12 12:34:05.847 [main] TestScenario3 - Navigated to URL: https://www.flipkart.com/
[INFO ] 2024-06-12 12:34:26.226 [main] TestScenario3 - Navigated to Shopsy URL: https://seller.flipkart.com/shopsy
[INFO ] 2024-06-12 12:34:26.249 [main] TestScenario3 - Test Shopsy passed
[INFO ] 2024-06-12 12:34:49.538 [main] TestScenario3 - Navigated to URL: https://www.flipkart.com/
[INFO ] 2024-06-12 12:34:49.820 [main] TestScenario3 - Click on the dropdown where notifications are shown
[INFO ] 2024-06-12 12:34:51.074 [main] TestScenario3 - All the notifications are shown
[INFO ] 2024-06-12 12:35:12.112 [main] TestScenario3 - Navigated to URL: https://www.flipkart.com/
[INFO ] 2024-06-12 12:35:12.461 [main] TestScenario3 - Click on the Myntra link
[INFO ] 2024-06-12 12:35:33.403 [main] TestScenario3 - Navigated to URL: https://www.flipkart.com/
[INFO ] 2024-06-12 12:35:35.699 [main] TestScenario3 - Click on the Terms And Conditions Page
[INFO ] 2024-06-12 12:35:58.394 [main] TestScenario3 - Navigated to URL: https://www.flipkart.com/
[INFO ] 2024-06-12 12:36:01.916 [main] TestScenario3 - Clicked on Appliances link
[INFO ] 2024-06-12 12:36:02.270 [main] TestScenario3 - Clicked on Offer Zone Page link
[INFO ] 2024-06-12 12:36:04.361 [main] TestScenario3 - Clicked on Offer Product Page link
[INFO ] 2024-06-12 12:36:25.846 [main] AddtocartTest - Navigated to URL: https://www.flipkart.com/
[INFO ] 2024-06-12 12:36:44.170 [main] AddtocartTest - Entered search data: iphone
[INFO ] 2024-06-12 12:36:44.547 [main] AddtocartTest - Selected the product
[INFO ] 2024-06-12 12:37:37.110 [main] SearchProduct - Launching browser
[INFO ] 2024-06-12 12:37:37.374 [main] SearchProduct - Performed search for: iphone
[INFO ] 2024-06-12 12:37:54.072 [main] SearchProduct - Click on the search button
[INFO ] 2024-06-12 12:37:54.075 [main] SearchProduct - Search product successful
[INFO ] 2024-06-12 12:43:18.954 [main] GroceryTestPage - Navigated to URL: https://www.flipkart.com/
[ERROR] 2024-06-12 12:43:49.727 [main] GroceryTestPage - Error occurred during Grocery Page Test: Expected condition failed: waiting for element to be clickable: Proxy element for: DefaultElementLocator 'By.cssSelector: img._2puWtW._3a3qyb' (tried for 20 second(s) with 500 milliseconds interval)
[INFO ] 2024-06-12 12:44:10.160 [main] MobilePageTest - Navigated to URL: https://www.flipkart.com/
[INFO ] 2024-06-12 12:44:12.633 [main] MobilePageTest - Mobiles image is clickable
[INFO ] 2024-06-12 12:44:15.650 [main] MobilePageTest - Clicked on Mobiles Image
[INFO ] 2024-06-12 12:44:37.125 [main] SellerTestPage - Navigated to URL: https://www.flipkart.com/
[INFO ] 2024-06-12 12:45:13.300 [main] SellerTestPage - Clicked on Seller
[INFO ] 2024-06-12 12:45:28.786 [main] SellerTestPage - Clicked on Start Selling
[INFO ] 2024-06-12 12:45:28.867 [main] SellerTestPage - Username field is displayed
[INFO ] 2024-06-12 12:45:28.913 [main] SellerTestPage - Email field is displayed
[INFO ] 2024-06-12 12:45:50.286 [main] SignupTest - Launching browser
[INFO ] 2024-06-12 12:45:53.067 [main] SignupTest - Clicked on the signup link
[INFO ] 2024-06-12 12:45:53.259 [main] SignupTest - Clicked on Create new account link
[INFO ] 2024-06-12 12:45:53.500 [main] SignupTest - Entered the phone number to register
[INFO ] 2024-06-12 12:45:53.615 [main] SignupTest - Sign up successful
[INFO ] 2024-06-12 12:46:14.900 [main] ViewCartTest - Navigated to URL: https://www.flipkart.com/
[INFO ] 2024-06-12 12:46:16.116 [main] ViewCartTest - Clicked on view cart icon
[INFO ] 2024-06-12 12:46:37.232 [main] TravelTestPage - Navigated to URL: https://www.flipkart.com/
[INFO ] 2024-06-12 12:46:40.071 [main] TravelTestPage - Clicked on Travel Image
[INFO ] 2024-06-12 12:46:41.170 [main] TravelTestPage - From input field is displayed
[INFO ] 2024-06-12 12:46:41.304 [main] TravelTestPage - To input field is displayed
[INFO ] 2024-06-12 12:46:41.387 [main] TravelTestPage - Search button is displayed
[INFO ] 2024-06-12 12:47:02.370 [main] AppliancesTestPage - Navigated to URL: https://www.flipkart.com/
[INFO ] 2024-06-12 12:47:02.434 [main] AppliancesTestPage - Appliances link is visible
[INFO ] 2024-06-12 12:47:04.744 [main] AppliancesTestPage - Clicked on Appliances
[INFO ] 2024-06-12 12:47:30.520 [main] LoginTest - Navigated to URL: https://www.flipkart.com/
[INFO ] 2024-06-12 12:47:32.691 [main] LoginTest - Clicked Login
[INFO ] 2024-06-12 12:47:33.361 [main] LoginTest - Entered Username: 9452271671
[INFO ] 2024-06-12 12:47:33.597 [main] LoginTest - Clicked Submit
[INFO ] 2024-06-12 12:47:33.597 [main] LoginTest - Test completed for value: 9452271671
[INFO ] 2024-06-12 12:47:54.491 [main] TestScenario4 - Navigated to URL: https://www.flipkart.com/
[INFO ] 2024-06-12 12:47:54.733 [main] TestScenario4 - Enter product to search
[INFO ] 2024-06-12 12:48:12.411 [main] TestScenario4 - Click on the search button
[INFO ] 2024-06-12 12:48:12.685 [main] TestScenario4 - Click on the Add to compare button
[INFO ] 2024-06-12 12:48:12.919 [main] TestScenario4 - Compare button tested successfully to compare two products.
[INFO ] 2024-06-12 12:48:35.005 [main] TestScenario4 - Navigated to URL
[INFO ] 2024-06-12 12:48:37.109 [main] TestScenario4 - Clicked on view cart icon successfully
[INFO ] 2024-06-12 12:48:40.457 [main] TestScenario4 - Clicked on Flipkart Plus icon successfully
[INFO ] 2024-06-12 12:48:40.457 [main] TestScenario4 - Successfully go back to homepage by clicking on Flipkart Plus
[INFO ] 2024-06-12 12:49:01.870 [main] TestScenario4 - Navigated to URL
[INFO ] 2024-06-12 12:49:02.277 [main] TestScenario4 - Click on the ClearTrip page
[INFO ] 2024-06-12 12:49:02.277 [main] TestScenario4 - Successfully displayed the ClearTrip Page
[INFO ] 2024-06-12 12:49:23.994 [main] TestScenario4 - Navigated to URL
[INFO ] 2024-06-12 12:49:26.714 [main] TestScenario4 - Click on the GiftCards Page
[INFO ] 2024-06-12 12:49:29.567 [main] TestScenario4 - Click on the wallet
[INFO ] 2024-06-12 12:49:29.567 [main] TestScenario4 - Wallet Form is successfully shown
[INFO ] 2024-06-12 12:49:50.778 [main] TestScenario4 - Navigated to URL
[INFO ] 2024-06-12 12:49:53.234 [main] TestScenario4 - Click on the Cancellation Policy Page
[INFO ] 2024-06-12 12:49:53.234 [main] TestScenario4 - Order Cancellation Page is successfully showing
[INFO ] 2024-06-12 12:50:15.805 [main] TestScenario3 - Navigated to URL: https://www.flipkart.com/
[INFO ] 2024-06-12 12:50:47.535 [main] TestScenario3 - Navigated to Shopsy URL: https://seller.flipkart.com/shopsy
[INFO ] 2024-06-12 12:50:47.556 [main] TestScenario3 - Test Shopsy passed
[INFO ] 2024-06-12 12:50:52.589 [main] TestScenario3 - Navigated to URL: https://www.flipkart.com/
[INFO ] 2024-06-12 12:51:09.827 [main] TestScenario3 - Click on the dropdown where notifications are shown
[INFO ] 2024-06-12 12:51:11.038 [main] TestScenario3 - All the notifications are shown
[INFO ] 2024-06-12 12:51:32.271 [main] TestScenario3 - Navigated to URL: https://www.flipkart.com/
[INFO ] 2024-06-12 12:51:32.664 [main] TestScenario3 - Click on the Myntra link
[INFO ] 2024-06-12 12:51:54.276 [main] TestScenario3 - Navigated to URL: https://www.flipkart.com/
[INFO ] 2024-06-12 12:51:55.914 [main] TestScenario3 - Click on the Terms And Conditions Page
[INFO ] 2024-06-12 12:52:17.012 [main] TestScenario3 - Navigated to URL: https://www.flipkart.com/
[INFO ] 2024-06-12 12:52:20.814 [main] TestScenario3 - Clicked on Appliances link
[INFO ] 2024-06-12 12:52:21.420 [main] TestScenario3 - Clicked on Offer Zone Page link
[INFO ] 2024-06-12 12:52:23.674 [main] TestScenario3 - Clicked on Offer Product Page link
[INFO ] 2024-06-12 12:52:46.247 [main] AddtocartTest - Navigated to URL: https://www.flipkart.com/
[INFO ] 2024-06-12 12:53:04.149 [main] AddtocartTest - Entered search data: iphone
[INFO ] 2024-06-12 12:53:04.553 [main] AddtocartTest - Selected the product
[INFO ] 2024-06-12 12:53:59.143 [main] SearchProduct - Launching browser
[INFO ] 2024-06-12 12:53:59.384 [main] SearchProduct - Performed search for: iphone
[INFO ] 2024-06-12 12:54:16.540 [main] SearchProduct - Click on the search button
[INFO ] 2024-06-12 12:54:16.540 [main] SearchProduct - Search product successful
[INFO ] 2024-06-12 13:30:44.046 [main] AddtocartTest - Navigated to URL: https://www.flipkart.com/
[INFO ] 2024-06-12 13:31:02.881 [main] AddtocartTest - Entered search data: iphone
[INFO ] 2024-06-12 13:31:03.242 [main] AddtocartTest - Selected the product
[ERROR] 2024-06-12 13:31:34.317 [main] AddtocartTest - Test failed: org.openqa.selenium.TimeoutException: Expected condition failed: waiting for element to be clickable: Proxy element for: DefaultElementLocator 'By.xpath: /html/body/div[1]/div/div[3]/div[1]/div[2]/div[9]/div[6]/div/div[2]/div[2]/div[2]/button' (tried for 20 second(s) with 500 milliseconds interval)
[INFO ] 2024-06-12 13:39:50.140 [main] AddtocartTest - Navigated to URL: https://www.flipkart.com/
[INFO ] 2024-06-12 13:40:12.756 [main] AddtocartTest - Entered search data: iphone
[ERROR] 2024-06-12 13:40:14.518 [main] AddtocartTest - Test failed: org.openqa.selenium.ElementClickInterceptedException: element click intercepted: Element <div class="KzDlHZ">...</div> is not clickable at point (746, 9). Other element would receive the click: <div class="UL9nZx">...</div>
  (Session info: chrome=125.0.6422.142)
Build info: version: '4.19.0', revision: '5f9cec8963'
System info: os.name: 'Windows 10', os.arch: 'amd64', os.version: '10.0', java.version: '11.0.2'
Driver info: org.openqa.selenium.chrome.ChromeDriver
Command: [99f938a71f9564c020f745399dde694a, clickElement {id=f.DED3A51C8403E0B3161D0F1F4967DC3D.d.4346E0356A30AEFE089EA13E2433D0E8.e.349}]
Capabilities {acceptInsecureCerts: false, browserName: chrome, browserVersion: 125.0.6422.142, chrome: {chromedriverVersion: 125.0.6422.141 (4b1e8393712..., userDataDir: C:\Users\UTKARS~1\AppData\L...}, fedcm:accounts: true, goog:chromeOptions: {debuggerAddress: localhost:53795}, networkConnectionEnabled: false, pageLoadStrategy: normal, platformName: windows, proxy: Proxy(), se:cdp: ws://localhost:53795/devtoo..., se:cdpVersion: 125.0.6422.142, setWindowRect: true, strictFileInteractability: false, timeouts: {implicit: 0, pageLoad: 300000, script: 30000}, unhandledPromptBehavior: dismiss and notify, webauthn:extension:credBlob: true, webauthn:extension:largeBlob: true, webauthn:extension:minPinLength: true, webauthn:extension:prf: true, webauthn:virtualAuthenticators: true}
Element: [[ChromeDriver: chrome on windows (99f938a71f9564c020f745399dde694a)] -> xpath: //div[contains(text(), 'Apple iPhone 15 (Blue, 128 GB)')]]
Session ID: 99f938a71f9564c020f745399dde694a
[INFO ] 2024-06-12 13:42:20.684 [main] AddtocartTest - Navigated to URL: https://www.flipkart.com/
[INFO ] 2024-06-12 13:42:38.060 [main] AddtocartTest - Entered search data: iphone
[INFO ] 2024-06-12 13:42:38.427 [main] AddtocartTest - Selected the product
[ERROR] 2024-06-12 13:43:09.599 [main] AddtocartTest - Test failed: org.openqa.selenium.TimeoutException: Expected condition failed: waiting for element to be clickable: Proxy element for: DefaultElementLocator 'By.xpath: //button[contains(text(),'ADD TO CART')]' (tried for 20 second(s) with 500 milliseconds interval)
[INFO ] 2024-06-12 13:50:50.874 [main] AddtocartTest - Navigated to URL: https://www.flipkart.com/
[INFO ] 2024-06-12 13:51:08.144 [main] AddtocartTest - Entered search data: iphone
[INFO ] 2024-06-12 13:51:08.453 [main] AddtocartTest - Selected the product
[ERROR] 2024-06-12 13:51:18.866 [main] AddtocartTest - Test failed: org.openqa.selenium.NoSuchElementException: no such element: Unable to locate element: {"method":"xpath","selector":"//button[contains(text(),'ADD TO CART')]"}
  (Session info: chrome=125.0.6422.142)
For documentation on this error, please visit: https://www.selenium.dev/documentation/webdriver/troubleshooting/errors#no-such-element-exception
Build info: version: '4.19.0', revision: '5f9cec8963'
System info: os.name: 'Windows 10', os.arch: 'amd64', os.version: '10.0', java.version: '11.0.2'
Driver info: org.openqa.selenium.chrome.ChromeDriver
Command: [d2b3cbdbe15a5a283be53d1aa8d40bfd, findElement {value=//button[contains(text(),'ADD TO CART')], using=xpath}]
Capabilities {acceptInsecureCerts: false, browserName: chrome, browserVersion: 125.0.6422.142, chrome: {chromedriverVersion: 125.0.6422.141 (4b1e8393712..., userDataDir: C:\Users\UTKARS~1\AppData\L...}, fedcm:accounts: true, goog:chromeOptions: {debuggerAddress: localhost:54061}, networkConnectionEnabled: false, pageLoadStrategy: normal, platformName: windows, proxy: Proxy(), se:cdp: ws://localhost:54061/devtoo..., se:cdpVersion: 125.0.6422.142, setWindowRect: true, strictFileInteractability: false, timeouts: {implicit: 0, pageLoad: 300000, script: 30000}, unhandledPromptBehavior: dismiss and notify, webauthn:extension:credBlob: true, webauthn:extension:largeBlob: true, webauthn:extension:minPinLength: true, webauthn:extension:prf: true, webauthn:virtualAuthenticators: true}
Session ID: d2b3cbdbe15a5a283be53d1aa8d40bfd
[INFO ] 2024-06-12 13:52:52.202 [main] AddtocartTest - Navigated to URL: https://www.flipkart.com/
[INFO ] 2024-06-12 13:53:09.295 [main] AddtocartTest - Entered search data: iphone
[INFO ] 2024-06-12 13:53:09.699 [main] AddtocartTest - Selected the product
[ERROR] 2024-06-12 13:53:20.156 [main] AddtocartTest - Test failed: org.openqa.selenium.NoSuchElementException: no such element: Unable to locate element: {"method":"xpath","selector":"//button[contains(text(),'ADD TO CART')]"}
  (Session info: chrome=125.0.6422.142)
For documentation on this error, please visit: https://www.selenium.dev/documentation/webdriver/troubleshooting/errors#no-such-element-exception
Build info: version: '4.19.0', revision: '5f9cec8963'
System info: os.name: 'Windows 10', os.arch: 'amd64', os.version: '10.0', java.version: '11.0.2'
Driver info: org.openqa.selenium.chrome.ChromeDriver
Command: [fee57c12037bd3fd6a6d34b9a4d227ae, findElement {value=//button[contains(text(),'ADD TO CART')], using=xpath}]
Capabilities {acceptInsecureCerts: false, browserName: chrome, browserVersion: 125.0.6422.142, chrome: {chromedriverVersion: 125.0.6422.141 (4b1e8393712..., userDataDir: C:\Users\UTKARS~1\AppData\L...}, fedcm:accounts: true, goog:chromeOptions: {debuggerAddress: localhost:54163}, networkConnectionEnabled: false, pageLoadStrategy: normal, platformName: windows, proxy: Proxy(), se:cdp: ws://localhost:54163/devtoo..., se:cdpVersion: 125.0.6422.142, setWindowRect: true, strictFileInteractability: false, timeouts: {implicit: 0, pageLoad: 300000, script: 30000}, unhandledPromptBehavior: dismiss and notify, webauthn:extension:credBlob: true, webauthn:extension:largeBlob: true, webauthn:extension:minPinLength: true, webauthn:extension:prf: true, webauthn:virtualAuthenticators: true}
Session ID: fee57c12037bd3fd6a6d34b9a4d227ae
[INFO ] 2024-06-12 13:54:23.740 [main] AddtocartTest - Navigated to URL: https://www.flipkart.com/
[INFO ] 2024-06-12 13:54:42.349 [main] AddtocartTest - Entered search data: iphone
[INFO ] 2024-06-12 13:54:42.675 [main] AddtocartTest - Selected the product
[ERROR] 2024-06-12 13:54:53.040 [main] AddtocartTest - Test failed: org.openqa.selenium.NoSuchElementException: no such element: Unable to locate element: {"method":"xpath","selector":"/html/body/div[1]/div/div[3]/div[1]/div[1]/div[2]/div/ul/li[1]/button"}
  (Session info: chrome=125.0.6422.142)
For documentation on this error, please visit: https://www.selenium.dev/documentation/webdriver/troubleshooting/errors#no-such-element-exception
Build info: version: '4.19.0', revision: '5f9cec8963'
System info: os.name: 'Windows 10', os.arch: 'amd64', os.version: '10.0', java.version: '11.0.2'
Driver info: org.openqa.selenium.chrome.ChromeDriver
Command: [fbd0e49aa820d2b40b3e67b37b432768, findElement {value=/html/body/div[1]/div/div[3]/div[1]/div[1]/div[2]/div/ul/li[1]/button, using=xpath}]
Capabilities {acceptInsecureCerts: false, browserName: chrome, browserVersion: 125.0.6422.142, chrome: {chromedriverVersion: 125.0.6422.141 (4b1e8393712..., userDataDir: C:\Users\UTKARS~1\AppData\L...}, fedcm:accounts: true, goog:chromeOptions: {debuggerAddress: localhost:54257}, networkConnectionEnabled: false, pageLoadStrategy: normal, platformName: windows, proxy: Proxy(), se:cdp: ws://localhost:54257/devtoo..., se:cdpVersion: 125.0.6422.142, setWindowRect: true, strictFileInteractability: false, timeouts: {implicit: 0, pageLoad: 300000, script: 30000}, unhandledPromptBehavior: dismiss and notify, webauthn:extension:credBlob: true, webauthn:extension:largeBlob: true, webauthn:extension:minPinLength: true, webauthn:extension:prf: true, webauthn:virtualAuthenticators: true}
Session ID: fbd0e49aa820d2b40b3e67b37b432768
[INFO ] 2024-06-12 13:56:46.717 [main] AddtocartTest - Navigated to URL: https://www.flipkart.com/
[INFO ] 2024-06-12 13:57:03.620 [main] AddtocartTest - Entered search data: iphone
[INFO ] 2024-06-12 13:57:03.942 [main] AddtocartTest - Selected the product
[ERROR] 2024-06-12 13:57:35.273 [main] AddtocartTest - Test failed: java.lang.AssertionError: Product was not added to the cart. expected [true] but found [false]
[INFO ] 2024-06-12 14:01:31.976 [main] AddtocartTest - Navigated to URL: https://www.flipkart.com/
[INFO ] 2024-06-12 14:01:48.987 [main] AddtocartTest - Entered search data: iphone
[INFO ] 2024-06-12 14:01:49.302 [main] AddtocartTest - Selected the product
[ERROR] 2024-06-12 14:02:20.447 [main] AddtocartTest - Test failed: java.lang.AssertionError: Product was not added to the cart. expected [true] but found [false]
[INFO ] 2024-06-12 14:05:04.842 [main] AddtocartTest - Navigated to URL: https://www.flipkart.com/
[INFO ] 2024-06-12 14:05:22.499 [main] AddtocartTest - Entered search data: iphone
[INFO ] 2024-06-12 14:05:22.842 [main] AddtocartTest - Selected the product
[INFO ] 2024-06-12 14:05:53.550 [main] AddtocartTest - Product was successfully added to the cart.
[INFO ] 2024-06-12 14:05:53.550 [main] AddtocartTest - Test passed: testSearch
[INFO ] 2024-06-12 14:08:14.005 [main] AddtocartTest - Navigated to URL: https://www.flipkart.com/
[INFO ] 2024-06-12 14:08:30.552 [main] AddtocartTest - Entered search data: iphone
[INFO ] 2024-06-12 14:08:30.890 [main] AddtocartTest - Selected the product
[ERROR] 2024-06-12 14:09:01.958 [main] AddtocartTest - Test failed: java.lang.AssertionError: Product was not added to the cart. expected [true] but found [false]
[INFO ] 2024-06-12 14:11:18.006 [main] AddtocartTest - Navigated to URL: https://www.flipkart.com/
[INFO ] 2024-06-12 14:11:35.184 [main] AddtocartTest - Entered search data: iphone
[INFO ] 2024-06-12 14:11:35.525 [main] AddtocartTest - Selected the product
[INFO ] 2024-06-12 14:12:06.258 [main] AddtocartTest - Product was successfully added to the cart.
[INFO ] 2024-06-12 14:12:06.271 [main] AddtocartTest - Test passed: testSearch
[INFO ] 2024-06-12 14:13:08.092 [main] LoginTest - Navigated to URL: https://www.flipkart.com/
[INFO ] 2024-06-12 14:13:10.526 [main] LoginTest - Clicked Login
[INFO ] 2024-06-12 14:13:10.684 [main] LoginTest - Entered Username: 9452271671
[INFO ] 2024-06-12 14:13:10.856 [main] LoginTest - Clicked Submit
[INFO ] 2024-06-12 14:13:10.857 [main] LoginTest - Test completed for value: 9452271671
[INFO ] 2024-06-12 14:13:32.110 [main] TestScenario4 - Navigated to URL: https://www.flipkart.com/
[INFO ] 2024-06-12 14:13:32.286 [main] TestScenario4 - Enter product to search
[INFO ] 2024-06-12 14:13:49.016 [main] TestScenario4 - Click on the search button
[INFO ] 2024-06-12 14:13:49.326 [main] TestScenario4 - Click on the Add to compare button
[INFO ] 2024-06-12 14:13:49.520 [main] TestScenario4 - Compare button tested successfully to compare two products.
[INFO ] 2024-06-12 14:14:09.743 [main] TestScenario4 - Navigated to URL
[INFO ] 2024-06-12 14:14:11.147 [main] TestScenario4 - Clicked on view cart icon successfully
[INFO ] 2024-06-12 14:14:13.597 [main] TestScenario4 - Clicked on Flipkart Plus icon successfully
[INFO ] 2024-06-12 14:14:13.597 [main] TestScenario4 - Successfully go back to homepage by clicking on Flipkart Plus
[INFO ] 2024-06-12 14:14:36.049 [main] TestScenario4 - Navigated to URL
[INFO ] 2024-06-12 14:14:36.405 [main] TestScenario4 - Click on the ClearTrip page
[INFO ] 2024-06-12 14:14:36.405 [main] TestScenario4 - Successfully displayed the ClearTrip Page
[INFO ] 2024-06-12 14:14:56.404 [main] TestScenario4 - Navigated to URL
[INFO ] 2024-06-12 14:14:58.672 [main] TestScenario4 - Click on the GiftCards Page
[INFO ] 2024-06-12 14:15:00.102 [main] TestScenario4 - Click on the wallet
[INFO ] 2024-06-12 14:15:00.102 [main] TestScenario4 - Wallet Form is successfully shown
[INFO ] 2024-06-12 14:15:20.725 [main] TestScenario4 - Navigated to URL
[INFO ] 2024-06-12 14:15:22.140 [main] TestScenario4 - Click on the Cancellation Policy Page
[INFO ] 2024-06-12 14:15:22.140 [main] TestScenario4 - Order Cancellation Page is successfully showing
[INFO ] 2024-06-12 14:15:44.944 [main] TestScenario3 - Navigated to URL: https://www.flipkart.com/
[INFO ] 2024-06-12 14:16:16.477 [main] TestScenario3 - Navigated to Shopsy URL: https://seller.flipkart.com/shopsy
[INFO ] 2024-06-12 14:16:16.507 [main] TestScenario3 - Test Shopsy passed
[INFO ] 2024-06-12 14:16:37.399 [main] TestScenario3 - Navigated to URL: https://www.flipkart.com/
[INFO ] 2024-06-12 14:16:37.572 [main] TestScenario3 - Click on the dropdown where notifications are shown
[INFO ] 2024-06-12 14:16:38.779 [main] TestScenario3 - All the notifications are shown
[INFO ] 2024-06-12 14:16:58.263 [main] TestScenario3 - Navigated to URL: https://www.flipkart.com/
[INFO ] 2024-06-12 14:16:58.531 [main] TestScenario3 - Click on the Myntra link
[INFO ] 2024-06-12 14:17:19.067 [main] TestScenario3 - Navigated to URL: https://www.flipkart.com/
[INFO ] 2024-06-12 14:17:20.968 [main] TestScenario3 - Click on the Terms And Conditions Page
[INFO ] 2024-06-12 14:17:41.482 [main] TestScenario3 - Navigated to URL: https://www.flipkart.com/
[INFO ] 2024-06-12 14:17:43.203 [main] TestScenario3 - Clicked on Appliances link
[INFO ] 2024-06-12 14:17:43.485 [main] TestScenario3 - Clicked on Offer Zone Page link
[INFO ] 2024-06-12 14:17:44.595 [main] TestScenario3 - Clicked on Offer Product Page link
[INFO ] 2024-06-12 14:18:05.953 [main] SearchProduct - Launching browser
[INFO ] 2024-06-12 14:18:06.121 [main] SearchProduct - Performed search for: iphone
[INFO ] 2024-06-12 14:18:22.843 [main] SearchProduct - Click on the search button
[INFO ] 2024-06-12 14:18:22.843 [main] SearchProduct - Search product successful
[INFO ] 2024-06-12 14:18:42.848 [main] SellerTestPage - Navigated to URL: https://www.flipkart.com/
[INFO ] 2024-06-12 14:19:15.021 [main] SellerTestPage - Clicked on Seller
[INFO ] 2024-06-12 14:19:30.453 [main] SellerTestPage - Clicked on Start Selling
[INFO ] 2024-06-12 14:19:30.505 [main] SellerTestPage - Username field is displayed
[INFO ] 2024-06-12 14:19:30.553 [main] SellerTestPage - Email field is displayed
[INFO ] 2024-06-12 14:19:51.322 [main] AppliancesTestPage - Navigated to URL: https://www.flipkart.com/
[INFO ] 2024-06-12 14:19:51.405 [main] AppliancesTestPage - Appliances link is visible
[INFO ] 2024-06-12 14:19:53.663 [main] AppliancesTestPage - Clicked on Appliances
[INFO ] 2024-06-12 14:20:15.374 [main] ViewCartTest - Navigated to URL: https://www.flipkart.com/
[INFO ] 2024-06-12 14:20:17.690 [main] ViewCartTest - Clicked on view cart icon
[INFO ] 2024-06-12 14:20:39.003 [main] SignupTest - Launching browser
[INFO ] 2024-06-12 14:20:41.908 [main] SignupTest - Clicked on the signup link
[INFO ] 2024-06-12 14:20:42.093 [main] SignupTest - Clicked on Create new account link
[INFO ] 2024-06-12 14:20:42.312 [main] SignupTest - Entered the phone number to register
[INFO ] 2024-06-12 14:20:42.386 [main] SignupTest - Sign up successful
[INFO ] 2024-06-12 14:21:04.334 [main] AddtocartTest - Navigated to URL: https://www.flipkart.com/
[INFO ] 2024-06-12 14:21:21.786 [main] AddtocartTest - Entered search data: iphone
[INFO ] 2024-06-12 14:21:22.107 [main] AddtocartTest - Selected the product
[INFO ] 2024-06-12 14:21:52.813 [main] AddtocartTest - Product was successfully added to the cart.
[INFO ] 2024-06-12 14:21:52.813 [main] AddtocartTest - Test passed: testSearch
[INFO ] 2024-06-12 14:22:14.067 [main] MobilePageTest - Navigated to URL: https://www.flipkart.com/
[INFO ] 2024-06-12 14:22:14.150 [main] MobilePageTest - Mobiles image is clickable
[INFO ] 2024-06-12 14:22:17.113 [main] MobilePageTest - Clicked on Mobiles Image
[INFO ] 2024-06-12 14:22:37.725 [main] GroceryTestPage - Navigated to URL: https://www.flipkart.com/
[INFO ] 2024-06-12 14:22:39.872 [main] GroceryTestPage - Clicked on Grocery
[INFO ] 2024-06-12 14:22:41.269 [main] GroceryTestPage - Clicked on Current Location 
[INFO ] 2024-06-12 14:22:43.382 [main] GroceryTestPage - Clicked on Staples
[INFO ] 2024-06-12 14:22:44.722 [main] GroceryTestPage - Added Item to Cart
[INFO ] 2024-06-12 14:22:44.873 [main] GroceryTestPage - Viewed Cart Item
[INFO ] 2024-06-12 14:23:06.948 [main] TravelTestPage - Navigated to URL: https://www.flipkart.com/
[INFO ] 2024-06-12 14:23:08.221 [main] TravelTestPage - Clicked on Travel Image
[INFO ] 2024-06-12 14:23:08.689 [main] TravelTestPage - From input field is displayed
[INFO ] 2024-06-12 14:23:08.738 [main] TravelTestPage - To input field is displayed
[INFO ] 2024-06-12 14:23:08.808 [main] TravelTestPage - Search button is displayed
[INFO ] 2024-06-12 19:56:41.917 [main] GroceryTestPage - Navigated to URL: https://www.flipkart.com/
[INFO ] 2024-06-12 19:56:44.219 [main] GroceryTestPage - Clicked on Grocery
[INFO ] 2024-06-12 19:56:44.534 [main] GroceryTestPage - Clicked on Current Location 
[INFO ] 2024-06-12 19:56:47.474 [main] GroceryTestPage - Clicked on Staples
[INFO ] 2024-06-12 19:56:49.075 [main] GroceryTestPage - Added Item to Cart
[INFO ] 2024-06-12 19:56:49.272 [main] GroceryTestPage - Viewed Cart Item
[INFO ] 2024-06-12 19:57:09.922 [main] MobilePageTest - Navigated to URL: https://www.flipkart.com/
[INFO ] 2024-06-12 19:57:10.049 [main] MobilePageTest - Mobiles image is clickable
[INFO ] 2024-06-12 19:57:12.242 [main] MobilePageTest - Clicked on Mobiles Image
[INFO ] 2024-06-12 19:57:33.286 [main] SellerTestPage - Navigated to URL: https://www.flipkart.com/
[INFO ] 2024-06-12 19:58:05.317 [main] SellerTestPage - Clicked on Seller
[INFO ] 2024-06-12 19:58:21.825 [main] SellerTestPage - Clicked on Start Selling
[INFO ] 2024-06-12 19:58:21.901 [main] SellerTestPage - Username field is displayed
[INFO ] 2024-06-12 19:58:21.949 [main] SellerTestPage - Email field is displayed
[INFO ] 2024-06-12 19:58:43.527 [main] SignupTest - Launching browser
[INFO ] 2024-06-12 19:58:45.757 [main] SignupTest - Clicked on the signup link
[INFO ] 2024-06-12 19:58:46.443 [main] SignupTest - Clicked on Create new account link
[INFO ] 2024-06-12 19:58:46.677 [main] SignupTest - Entered the phone number to register
[INFO ] 2024-06-12 19:58:46.809 [main] SignupTest - Sign up successful
[INFO ] 2024-06-12 19:58:52.010 [main] ViewCartTest - Navigated to URL: https://www.flipkart.com/
[INFO ] 2024-06-12 19:59:29.410 [main] TravelTestPage - Navigated to URL: https://www.flipkart.com/
[INFO ] 2024-06-12 19:59:30.967 [main] TravelTestPage - Clicked on Travel Image
[INFO ] 2024-06-12 19:59:32.861 [main] TravelTestPage - From input field is displayed
[INFO ] 2024-06-12 19:59:33.182 [main] TravelTestPage - To input field is displayed
[INFO ] 2024-06-12 19:59:33.493 [main] TravelTestPage - Search button is displayed
[INFO ] 2024-06-12 19:59:56.025 [main] AppliancesTestPage - Navigated to URL: https://www.flipkart.com/
[INFO ] 2024-06-12 19:59:56.164 [main] AppliancesTestPage - Appliances link is visible
[INFO ] 2024-06-12 19:59:57.813 [main] AppliancesTestPage - Clicked on Appliances
[INFO ] 2024-06-12 20:00:04.231 [main] LoginTest - Navigated to URL: https://www.flipkart.com/
[INFO ] 2024-06-12 20:00:24.532 [main] LoginTest - Clicked Login
[INFO ] 2024-06-12 20:00:25.552 [main] LoginTest - Entered Username: 9452271671
[INFO ] 2024-06-12 20:00:25.892 [main] LoginTest - Clicked Submit
[INFO ] 2024-06-12 20:00:25.892 [main] LoginTest - Test completed for value: 9452271671
[INFO ] 2024-06-12 20:00:47.863 [main] TestScenario4 - Navigated to URL: https://www.flipkart.com/
[INFO ] 2024-06-12 20:00:48.138 [main] TestScenario4 - Enter product to search
[INFO ] 2024-06-12 20:01:04.627 [main] TestScenario4 - Click on the search button
[INFO ] 2024-06-12 20:01:04.926 [main] TestScenario4 - Click on the Add to compare button
[INFO ] 2024-06-12 20:01:05.198 [main] TestScenario4 - Compare button tested successfully to compare two products.
[INFO ] 2024-06-12 20:01:26.259 [main] TestScenario4 - Navigated to URL
[INFO ] 2024-06-12 20:01:27.736 [main] TestScenario4 - Clicked on view cart icon successfully
[INFO ] 2024-06-12 20:01:30.239 [main] TestScenario4 - Clicked on Flipkart Plus icon successfully
[INFO ] 2024-06-12 20:01:30.239 [main] TestScenario4 - Successfully go back to homepage by clicking on Flipkart Plus
[INFO ] 2024-06-12 20:01:52.469 [main] TestScenario4 - Navigated to URL
[INFO ] 2024-06-12 20:01:52.866 [main] TestScenario4 - Click on the ClearTrip page
[INFO ] 2024-06-12 20:01:52.867 [main] TestScenario4 - Successfully displayed the ClearTrip Page
[INFO ] 2024-06-12 20:02:13.645 [main] TestScenario4 - Navigated to URL
[INFO ] 2024-06-12 20:02:15.127 [main] TestScenario4 - Click on the GiftCards Page
[INFO ] 2024-06-12 20:02:17.028 [main] TestScenario4 - Click on the wallet
[INFO ] 2024-06-12 20:02:17.028 [main] TestScenario4 - Wallet Form is successfully shown
[INFO ] 2024-06-12 20:02:38.325 [main] TestScenario4 - Navigated to URL
[INFO ] 2024-06-12 20:02:39.784 [main] TestScenario4 - Click on the Cancellation Policy Page
[INFO ] 2024-06-12 20:02:39.784 [main] TestScenario4 - Order Cancellation Page is successfully showing
[INFO ] 2024-06-12 20:03:00.409 [main] TestScenario3 - Navigated to URL: https://www.flipkart.com/
[INFO ] 2024-06-12 20:03:32.182 [main] TestScenario3 - Navigated to Shopsy URL: https://seller.flipkart.com/shopsy
[INFO ] 2024-06-12 20:03:32.230 [main] TestScenario3 - Test Shopsy passed
[INFO ] 2024-06-12 20:03:53.705 [main] TestScenario3 - Navigated to URL: https://www.flipkart.com/
[INFO ] 2024-06-12 20:03:53.952 [main] TestScenario3 - Click on the dropdown where notifications are shown
[INFO ] 2024-06-12 20:03:55.829 [main] TestScenario3 - All the notifications are shown
[INFO ] 2024-06-12 20:04:18.370 [main] TestScenario3 - Navigated to URL: https://www.flipkart.com/
[INFO ] 2024-06-12 20:04:18.742 [main] TestScenario3 - Click on the Myntra link
[INFO ] 2024-06-12 20:04:40.281 [main] TestScenario3 - Navigated to URL: https://www.flipkart.com/
[INFO ] 2024-06-12 20:04:42.192 [main] TestScenario3 - Click on the Terms And Conditions Page
[INFO ] 2024-06-12 20:05:03.576 [main] TestScenario3 - Navigated to URL: https://www.flipkart.com/
[INFO ] 2024-06-12 20:05:07.430 [main] TestScenario3 - Clicked on Appliances link
[INFO ] 2024-06-12 20:05:07.993 [main] TestScenario3 - Clicked on Offer Zone Page link
[INFO ] 2024-06-12 20:05:09.191 [main] TestScenario3 - Clicked on Offer Product Page link
[INFO ] 2024-06-12 20:05:30.919 [main] AddtocartTest - Navigated to URL: https://www.flipkart.com/
[INFO ] 2024-06-12 20:05:47.662 [main] AddtocartTest - Entered search data: iphone
[INFO ] 2024-06-12 20:05:47.985 [main] AddtocartTest - Selected the product
[INFO ] 2024-06-12 20:06:18.589 [main] AddtocartTest - Product was successfully added to the cart.
[INFO ] 2024-06-12 20:06:18.589 [main] AddtocartTest - Test passed: testSearch
[INFO ] 2024-06-12 20:06:39.985 [main] SearchProduct - Launching browser
[INFO ] 2024-06-12 20:06:40.205 [main] SearchProduct - Performed search for: iphone
[INFO ] 2024-06-12 20:06:56.808 [main] SearchProduct - Click on the search button
[INFO ] 2024-06-12 20:06:56.808 [main] SearchProduct - Search product successful
[INFO ] 2024-06-12 20:10:40.889 [main] GroceryTestPage - Navigated to URL: https://www.flipkart.com/
[INFO ] 2024-06-12 20:10:43.093 [main] GroceryTestPage - Clicked on Grocery
[INFO ] 2024-06-12 20:10:44.340 [main] GroceryTestPage - Clicked on Current Location 
[INFO ] 2024-06-12 20:10:46.699 [main] GroceryTestPage - Clicked on Staples
[INFO ] 2024-06-12 20:10:49.197 [main] GroceryTestPage - Added Item to Cart
[INFO ] 2024-06-12 20:10:49.440 [main] GroceryTestPage - Viewed Cart Item
[ERROR] 2024-06-12 20:10:49.568 [main] GroceryTestPage - Error occurred during Grocery Page Test: stale element reference: stale element not found in the current frame
  (Session info: chrome=125.0.6422.142)
For documentation on this error, please visit: https://www.selenium.dev/documentation/webdriver/troubleshooting/errors#stale-element-reference-exception
Build info: version: '4.19.0', revision: '5f9cec8963'
System info: os.name: 'Windows 10', os.arch: 'amd64', os.version: '10.0', java.version: '11.0.2'
Driver info: org.openqa.selenium.chrome.ChromeDriver
Command: [192d9cec19ec120c8bb4d740cb56a697, isElementDisplayed {id=f.72995F39D203FE64D2E6F11C1B8658F5.d.43AB31CBB997C26E86B6B70165DF5BBA.e.239}]
Capabilities {acceptInsecureCerts: false, browserName: chrome, browserVersion: 125.0.6422.142, chrome: {chromedriverVersion: 125.0.6422.141 (4b1e8393712..., userDataDir: C:\Users\UTKARS~1\AppData\L...}, fedcm:accounts: true, goog:chromeOptions: {debuggerAddress: localhost:60302}, networkConnectionEnabled: false, pageLoadStrategy: normal, platformName: windows, proxy: Proxy(), se:cdp: ws://localhost:60302/devtoo..., se:cdpVersion: 125.0.6422.142, setWindowRect: true, strictFileInteractability: false, timeouts: {implicit: 0, pageLoad: 300000, script: 30000}, unhandledPromptBehavior: dismiss and notify, webauthn:extension:credBlob: true, webauthn:extension:largeBlob: true, webauthn:extension:minPinLength: true, webauthn:extension:prf: true, webauthn:virtualAuthenticators: true}
Element: [[ChromeDriver: chrome on windows (192d9cec19ec120c8bb4d740cb56a697)] -> css selector: a._9Wy27C]
Session ID: 192d9cec19ec120c8bb4d740cb56a697
[INFO ] 2024-06-12 20:11:00.814 [main] MobilePageTest - Navigated to URL: https://www.flipkart.com/
[INFO ] 2024-06-12 20:11:28.878 [main] SellerTestPage - Navigated to URL: https://www.flipkart.com/
[ERROR] 2024-06-12 20:11:28.893 [main] SellerTestPage - Error occurred during Seller Page Test: no such window: target window already closed
from unknown error: web view not found
  (Session info: chrome=125.0.6422.142)
Build info: version: '4.19.0', revision: '5f9cec8963'
System info: os.name: 'Windows 10', os.arch: 'amd64', os.version: '10.0', java.version: '11.0.2'
Driver info: org.openqa.selenium.chrome.ChromeDriver
Command: [dfa1742445c99498128bb8f5dcdfc863, findElement {value=//a[@class="_1krdK5 _3jeYYh" and @title="Become a Seller"], using=xpath}]
Capabilities {acceptInsecureCerts: false, browserName: chrome, browserVersion: 125.0.6422.142, chrome: {chromedriverVersion: 125.0.6422.141 (4b1e8393712..., userDataDir: C:\Users\UTKARS~1\AppData\L...}, fedcm:accounts: true, goog:chromeOptions: {debuggerAddress: localhost:60398}, networkConnectionEnabled: false, pageLoadStrategy: normal, platformName: windows, proxy: Proxy(), se:cdp: ws://localhost:60398/devtoo..., se:cdpVersion: 125.0.6422.142, setWindowRect: true, strictFileInteractability: false, timeouts: {implicit: 0, pageLoad: 300000, script: 30000}, unhandledPromptBehavior: dismiss and notify, webauthn:extension:credBlob: true, webauthn:extension:largeBlob: true, webauthn:extension:minPinLength: true, webauthn:extension:prf: true, webauthn:virtualAuthenticators: true}
Session ID: dfa1742445c99498128bb8f5dcdfc863
[INFO ] 2024-06-12 20:11:35.124 [main] SignupTest - Launching browser
[ERROR] 2024-06-12 20:11:35.139 [main] SignupTest - Error occurred while performing sign up: no such window: target window already closed
from unknown error: web view not found
  (Session info: chrome=125.0.6422.142)
Build info: version: '4.19.0', revision: '5f9cec8963'
System info: os.name: 'Windows 10', os.arch: 'amd64', os.version: '10.0', java.version: '11.0.2'
Driver info: org.openqa.selenium.chrome.ChromeDriver
Command: [52da24dbf3dc318f35f5144c395989b7, findElement {value=//span[text()='Login'], using=xpath}]
Capabilities {acceptInsecureCerts: false, browserName: chrome, browserVersion: 125.0.6422.142, chrome: {chromedriverVersion: 125.0.6422.141 (4b1e8393712..., userDataDir: C:\Users\UTKARS~1\AppData\L...}, fedcm:accounts: true, goog:chromeOptions: {debuggerAddress: localhost:60433}, networkConnectionEnabled: false, pageLoadStrategy: normal, platformName: windows, proxy: Proxy(), se:cdp: ws://localhost:60433/devtoo..., se:cdpVersion: 125.0.6422.142, setWindowRect: true, strictFileInteractability: false, timeouts: {implicit: 0, pageLoad: 300000, script: 30000}, unhandledPromptBehavior: dismiss and notify, webauthn:extension:credBlob: true, webauthn:extension:largeBlob: true, webauthn:extension:minPinLength: true, webauthn:extension:prf: true, webauthn:virtualAuthenticators: true}
Session ID: 52da24dbf3dc318f35f5144c395989b7
[INFO ] 2024-06-12 20:11:44.459 [main] ViewCartTest - Navigated to URL: https://www.flipkart.com/
[INFO ] 2024-06-12 20:18:59.039 [main] GroceryTestPage - Navigated to URL: https://www.flipkart.com/
[INFO ] 2024-06-12 20:19:00.532 [main] GroceryTestPage - Clicked on Grocery
[INFO ] 2024-06-12 20:19:01.542 [main] GroceryTestPage - Clicked on Current Location 
[INFO ] 2024-06-12 20:19:03.673 [main] GroceryTestPage - Clicked on Staples
[INFO ] 2024-06-12 20:19:05.280 [main] GroceryTestPage - Added Item to Cart
[INFO ] 2024-06-12 20:19:05.555 [main] GroceryTestPage - Viewed Cart Item
[ERROR] 2024-06-12 20:19:05.679 [main] GroceryTestPage - Error occurred during Grocery Page Test: stale element reference: stale element not found in the current frame
  (Session info: chrome=125.0.6422.142)
For documentation on this error, please visit: https://www.selenium.dev/documentation/webdriver/troubleshooting/errors#stale-element-reference-exception
Build info: version: '4.19.0', revision: '5f9cec8963'
System info: os.name: 'Windows 10', os.arch: 'amd64', os.version: '10.0', java.version: '11.0.2'
Driver info: org.openqa.selenium.chrome.ChromeDriver
Command: [c1cdc7a09c043a94586bd5153d05f8fc, isElementDisplayed {id=f.3C9D582133E6D84A8423E51ABE1E6551.d.B1BBBD9D337EFE819475DC92036A7A33.e.247}]
Capabilities {acceptInsecureCerts: false, browserName: chrome, browserVersion: 125.0.6422.142, chrome: {chromedriverVersion: 125.0.6422.141 (4b1e8393712..., userDataDir: C:\Users\UTKARS~1\AppData\L...}, fedcm:accounts: true, goog:chromeOptions: {debuggerAddress: localhost:60704}, networkConnectionEnabled: false, pageLoadStrategy: normal, platformName: windows, proxy: Proxy(), se:cdp: ws://localhost:60704/devtoo..., se:cdpVersion: 125.0.6422.142, setWindowRect: true, strictFileInteractability: false, timeouts: {implicit: 0, pageLoad: 300000, script: 30000}, unhandledPromptBehavior: dismiss and notify, webauthn:extension:credBlob: true, webauthn:extension:largeBlob: true, webauthn:extension:minPinLength: true, webauthn:extension:prf: true, webauthn:virtualAuthenticators: true}
Element: [[ChromeDriver: chrome on windows (c1cdc7a09c043a94586bd5153d05f8fc)] -> css selector: a._9Wy27C]
Session ID: c1cdc7a09c043a94586bd5153d05f8fc
[INFO ] 2024-06-12 20:19:26.994 [main] MobilePageTest - Navigated to URL: https://www.flipkart.com/
[INFO ] 2024-06-12 20:19:27.135 [main] MobilePageTest - Mobiles image is clickable
[INFO ] 2024-06-12 20:19:33.223 [main] MobilePageTest - Clicked on Mobiles Image
[INFO ] 2024-06-12 20:19:54.574 [main] SellerTestPage - Navigated to URL: https://www.flipkart.com/
[INFO ] 2024-06-12 20:20:26.681 [main] SellerTestPage - Clicked on Seller
[INFO ] 2024-06-12 20:20:42.668 [main] SellerTestPage - Clicked on Start Selling
[INFO ] 2024-06-12 20:20:42.770 [main] SellerTestPage - Username field is displayed
[INFO ] 2024-06-12 20:20:42.848 [main] SellerTestPage - Email field is displayed
[INFO ] 2024-06-12 20:21:03.795 [main] SignupTest - Launching browser
[INFO ] 2024-06-12 20:21:07.777 [main] SignupTest - Clicked on the signup link
[INFO ] 2024-06-12 20:21:08.433 [main] SignupTest - Clicked on Create new account link
[INFO ] 2024-06-12 20:21:08.793 [main] SignupTest - Entered the phone number to register
[INFO ] 2024-06-12 20:21:09.055 [main] SignupTest - Sign up successful
[INFO ] 2024-06-12 20:21:30.899 [main] ViewCartTest - Navigated to URL: https://www.flipkart.com/
[INFO ] 2024-06-12 20:21:32.468 [main] ViewCartTest - Clicked on view cart icon
[INFO ] 2024-06-12 20:21:52.925 [main] TravelTestPage - Navigated to URL: https://www.flipkart.com/
[INFO ] 2024-06-12 20:21:54.216 [main] TravelTestPage - Clicked on Travel Image
[INFO ] 2024-06-12 20:21:54.559 [main] TravelTestPage - From input field is displayed
[INFO ] 2024-06-12 20:21:54.611 [main] TravelTestPage - To input field is displayed
[INFO ] 2024-06-12 20:21:54.693 [main] TravelTestPage - Search button is displayed
[INFO ] 2024-06-12 20:22:15.428 [main] AppliancesTestPage - Navigated to URL: https://www.flipkart.com/
[INFO ] 2024-06-12 20:22:15.520 [main] AppliancesTestPage - Appliances link is visible
[INFO ] 2024-06-12 20:22:17.074 [main] AppliancesTestPage - Clicked on Appliances
[INFO ] 2024-06-12 20:22:41.456 [main] LoginTest - Navigated to URL: https://www.flipkart.com/
[INFO ] 2024-06-12 20:22:42.931 [main] LoginTest - Clicked Login
[INFO ] 2024-06-12 20:22:43.105 [main] LoginTest - Entered Username: 9452271671
[INFO ] 2024-06-12 20:22:44.802 [main] LoginTest - Clicked Submit
[INFO ] 2024-06-12 20:22:44.802 [main] LoginTest - Test completed for value: 9452271671
[INFO ] 2024-06-12 20:23:07.050 [main] TestScenario4 - Navigated to URL: https://www.flipkart.com/
[INFO ] 2024-06-12 20:23:07.291 [main] TestScenario4 - Enter product to search
[INFO ] 2024-06-12 20:23:24.045 [main] TestScenario4 - Click on the search button
[INFO ] 2024-06-12 20:23:24.369 [main] TestScenario4 - Click on the Add to compare button
[INFO ] 2024-06-12 20:23:24.676 [main] TestScenario4 - Compare button tested successfully to compare two products.
[INFO ] 2024-06-12 20:23:45.183 [main] TestScenario4 - Navigated to URL
[INFO ] 2024-06-12 20:23:46.490 [main] TestScenario4 - Clicked on view cart icon successfully
[INFO ] 2024-06-12 20:23:48.966 [main] TestScenario4 - Clicked on Flipkart Plus icon successfully
[INFO ] 2024-06-12 20:23:48.966 [main] TestScenario4 - Successfully go back to homepage by clicking on Flipkart Plus
[INFO ] 2024-06-12 20:24:09.931 [main] TestScenario4 - Navigated to URL
[INFO ] 2024-06-12 20:24:10.354 [main] TestScenario4 - Click on the ClearTrip page
[INFO ] 2024-06-12 20:24:10.354 [main] TestScenario4 - Successfully displayed the ClearTrip Page
[INFO ] 2024-06-12 20:24:31.103 [main] TestScenario4 - Navigated to URL
[INFO ] 2024-06-12 20:24:32.483 [main] TestScenario4 - Click on the GiftCards Page
[INFO ] 2024-06-12 20:24:34.469 [main] TestScenario4 - Click on the wallet
[INFO ] 2024-06-12 20:24:34.469 [main] TestScenario4 - Wallet Form is successfully shown
[INFO ] 2024-06-12 20:24:55.628 [main] TestScenario4 - Navigated to URL
[INFO ] 2024-06-12 20:24:56.884 [main] TestScenario4 - Click on the Cancellation Policy Page
[INFO ] 2024-06-12 20:24:56.885 [main] TestScenario4 - Order Cancellation Page is successfully showing
[INFO ] 2024-06-12 20:25:19.914 [main] TestScenario3 - Navigated to URL: https://www.flipkart.com/
[INFO ] 2024-06-12 20:25:51.757 [main] TestScenario3 - Navigated to Shopsy URL: https://seller.flipkart.com/shopsy
[INFO ] 2024-06-12 20:25:51.777 [main] TestScenario3 - Test Shopsy passed
[INFO ] 2024-06-12 20:26:12.857 [main] TestScenario3 - Navigated to URL: https://www.flipkart.com/
[INFO ] 2024-06-12 20:26:13.070 [main] TestScenario3 - Click on the dropdown where notifications are shown
[INFO ] 2024-06-12 20:26:14.544 [main] TestScenario3 - All the notifications are shown
[INFO ] 2024-06-12 20:26:34.890 [main] TestScenario3 - Navigated to URL: https://www.flipkart.com/
[INFO ] 2024-06-12 20:26:35.234 [main] TestScenario3 - Click on the Myntra link
[INFO ] 2024-06-12 20:26:55.258 [main] TestScenario3 - Navigated to URL: https://www.flipkart.com/
[INFO ] 2024-06-12 20:26:56.672 [main] TestScenario3 - Click on the Terms And Conditions Page
[INFO ] 2024-06-12 20:27:17.788 [main] TestScenario3 - Navigated to URL: https://www.flipkart.com/
[INFO ] 2024-06-12 20:27:19.482 [main] TestScenario3 - Clicked on Appliances link
[INFO ] 2024-06-12 20:27:19.780 [main] TestScenario3 - Clicked on Offer Zone Page link
[INFO ] 2024-06-12 20:27:21.502 [main] TestScenario3 - Clicked on Offer Product Page link
[INFO ] 2024-06-12 20:27:42.563 [main] AddtocartTest - Navigated to URL: https://www.flipkart.com/
[INFO ] 2024-06-12 20:27:59.181 [main] AddtocartTest - Entered search data: iphone
[INFO ] 2024-06-12 20:27:59.557 [main] AddtocartTest - Selected the product
[INFO ] 2024-06-12 20:28:30.207 [main] AddtocartTest - Product was successfully added to the cart.
[INFO ] 2024-06-12 20:28:30.207 [main] AddtocartTest - Test passed: testSearch
[INFO ] 2024-06-12 20:28:51.108 [main] SearchProduct - Launching browser
[INFO ] 2024-06-12 20:28:51.357 [main] SearchProduct - Performed search for: iphone
[INFO ] 2024-06-12 20:29:07.969 [main] SearchProduct - Click on the search button
[INFO ] 2024-06-12 20:29:07.969 [main] SearchProduct - Search product successful
[INFO ] 2024-06-12 20:31:06.837 [main] GroceryTestPage - Navigated to URL: https://www.flipkart.com/
[INFO ] 2024-06-12 20:31:08.298 [main] GroceryTestPage - Clicked on Grocery
[INFO ] 2024-06-12 20:31:09.246 [main] GroceryTestPage - Clicked on Current Location 
[INFO ] 2024-06-12 20:31:11.171 [main] GroceryTestPage - Clicked on Staples
[INFO ] 2024-06-12 20:31:12.785 [main] GroceryTestPage - Added Item to Cart
[INFO ] 2024-06-12 20:31:13.063 [main] GroceryTestPage - Viewed Cart Item
[INFO ] 2024-06-12 20:34:02.721 [main] GroceryTestPage - Navigated to URL: https://www.flipkart.com/
[INFO ] 2024-06-12 20:34:05.023 [main] GroceryTestPage - Clicked on Grocery
[INFO ] 2024-06-12 20:34:06.096 [main] GroceryTestPage - Clicked on Current Location 
[INFO ] 2024-06-12 20:34:08.355 [main] GroceryTestPage - Clicked on Staples
[INFO ] 2024-06-12 20:34:10.533 [main] GroceryTestPage - Added Item to Cart
[INFO ] 2024-06-12 20:34:10.771 [main] GroceryTestPage - Viewed Cart Item
[ERROR] 2024-06-12 20:34:10.892 [main] GroceryTestPage - Error occurred during Grocery Page Test: stale element reference: stale element not found in the current frame
  (Session info: chrome=125.0.6422.142)
For documentation on this error, please visit: https://www.selenium.dev/documentation/webdriver/troubleshooting/errors#stale-element-reference-exception
Build info: version: '4.19.0', revision: '5f9cec8963'
System info: os.name: 'Windows 10', os.arch: 'amd64', os.version: '10.0', java.version: '11.0.2'
Driver info: org.openqa.selenium.chrome.ChromeDriver
Command: [21ceac50486989368d89c28dee4ca189, isElementDisplayed {id=f.9FF8D176608D6A49B15FD6D40E66271B.d.BBA667D2A62C077890771B9678009B45.e.235}]
Capabilities {acceptInsecureCerts: false, browserName: chrome, browserVersion: 125.0.6422.142, chrome: {chromedriverVersion: 125.0.6422.141 (4b1e8393712..., userDataDir: C:\Users\UTKARS~1\AppData\L...}, fedcm:accounts: true, goog:chromeOptions: {debuggerAddress: localhost:62047}, networkConnectionEnabled: false, pageLoadStrategy: normal, platformName: windows, proxy: Proxy(), se:cdp: ws://localhost:62047/devtoo..., se:cdpVersion: 125.0.6422.142, setWindowRect: true, strictFileInteractability: false, timeouts: {implicit: 0, pageLoad: 300000, script: 30000}, unhandledPromptBehavior: dismiss and notify, webauthn:extension:credBlob: true, webauthn:extension:largeBlob: true, webauthn:extension:minPinLength: true, webauthn:extension:prf: true, webauthn:virtualAuthenticators: true}
Element: [[ChromeDriver: chrome on windows (21ceac50486989368d89c28dee4ca189)] -> css selector: a._9Wy27C]
Session ID: 21ceac50486989368d89c28dee4ca189
[INFO ] 2024-06-12 20:34:32.645 [main] MobilePageTest - Navigated to URL: https://www.flipkart.com/
[INFO ] 2024-06-12 20:34:32.908 [main] MobilePageTest - Mobiles image is clickable
[INFO ] 2024-06-12 20:34:36.505 [main] MobilePageTest - Clicked on Mobiles Image
[INFO ] 2024-06-12 20:34:57.889 [main] SellerTestPage - Navigated to URL: https://www.flipkart.com/
[INFO ] 2024-06-12 20:35:34.536 [main] SellerTestPage - Clicked on Seller
[INFO ] 2024-06-12 20:35:52.308 [main] SellerTestPage - Clicked on Start Selling
[INFO ] 2024-06-12 20:35:52.391 [main] SellerTestPage - Username field is displayed
[INFO ] 2024-06-12 20:35:52.442 [main] SellerTestPage - Email field is displayed
[INFO ] 2024-06-12 20:36:13.132 [main] SignupTest - Launching browser
[INFO ] 2024-06-12 20:36:15.471 [main] SignupTest - Clicked on the signup link
[INFO ] 2024-06-12 20:36:15.638 [main] SignupTest - Clicked on Create new account link
[INFO ] 2024-06-12 20:36:15.850 [main] SignupTest - Entered the phone number to register
[INFO ] 2024-06-12 20:36:15.955 [main] SignupTest - Sign up successful
[INFO ] 2024-06-12 20:36:36.280 [main] ViewCartTest - Navigated to URL: https://www.flipkart.com/
[INFO ] 2024-06-12 20:36:37.528 [main] ViewCartTest - Clicked on view cart icon
[INFO ] 2024-06-12 20:36:59.740 [main] TravelTestPage - Navigated to URL: https://www.flipkart.com/
[INFO ] 2024-06-12 20:37:00.838 [main] TravelTestPage - Clicked on Travel Image
[INFO ] 2024-06-12 20:37:01.260 [main] TravelTestPage - From input field is displayed
[INFO ] 2024-06-12 20:37:01.313 [main] TravelTestPage - To input field is displayed
[INFO ] 2024-06-12 20:37:01.382 [main] TravelTestPage - Search button is displayed
[INFO ] 2024-06-12 20:37:22.691 [main] AppliancesTestPage - Navigated to URL: https://www.flipkart.com/
[INFO ] 2024-06-12 20:37:22.842 [main] AppliancesTestPage - Appliances link is visible
[INFO ] 2024-06-12 20:37:24.968 [main] AppliancesTestPage - Clicked on Appliances
[INFO ] 2024-06-12 20:37:48.373 [main] LoginTest - Navigated to URL: https://www.flipkart.com/
[INFO ] 2024-06-12 20:37:51.227 [main] LoginTest - Clicked Login
[INFO ] 2024-06-12 20:37:51.386 [main] LoginTest - Entered Username: 9452271671
[INFO ] 2024-06-12 20:37:51.632 [main] LoginTest - Clicked Submit
[INFO ] 2024-06-12 20:37:51.633 [main] LoginTest - Test completed for value: 9452271671
[INFO ] 2024-06-12 20:38:13.231 [main] TestScenario4 - Navigated to URL: https://www.flipkart.com/
[INFO ] 2024-06-12 20:38:13.520 [main] TestScenario4 - Enter product to search
[INFO ] 2024-06-12 20:38:30.566 [main] TestScenario4 - Click on the search button
[INFO ] 2024-06-12 20:38:30.892 [main] TestScenario4 - Click on the Add to compare button
[INFO ] 2024-06-12 20:38:31.170 [main] TestScenario4 - Compare button tested successfully to compare two products.
[INFO ] 2024-06-12 20:38:51.865 [main] TestScenario4 - Navigated to URL
[INFO ] 2024-06-12 20:38:53.203 [main] TestScenario4 - Clicked on view cart icon successfully
[INFO ] 2024-06-12 20:38:56.354 [main] TestScenario4 - Clicked on Flipkart Plus icon successfully
[INFO ] 2024-06-12 20:38:56.361 [main] TestScenario4 - Successfully go back to homepage by clicking on Flipkart Plus
[INFO ] 2024-06-12 20:39:17.044 [main] TestScenario4 - Navigated to URL
[INFO ] 2024-06-12 20:39:17.418 [main] TestScenario4 - Click on the ClearTrip page
[INFO ] 2024-06-12 20:39:17.418 [main] TestScenario4 - Successfully displayed the ClearTrip Page
[INFO ] 2024-06-12 20:39:37.946 [main] TestScenario4 - Navigated to URL
[INFO ] 2024-06-12 20:39:39.942 [main] TestScenario4 - Click on the GiftCards Page
[INFO ] 2024-06-12 20:39:42.074 [main] TestScenario4 - Click on the wallet
[INFO ] 2024-06-12 20:39:42.075 [main] TestScenario4 - Wallet Form is successfully shown
[INFO ] 2024-06-12 20:39:47.885 [main] TestScenario4 - Navigated to URL
[INFO ] 2024-06-12 20:40:06.710 [main] TestScenario4 - Click on the Cancellation Policy Page
[INFO ] 2024-06-12 20:40:06.710 [main] TestScenario4 - Order Cancellation Page is successfully showing
[INFO ] 2024-06-12 20:40:32.295 [main] TestScenario3 - Navigated to URL: https://www.flipkart.com/
[INFO ] 2024-06-12 20:41:08.594 [main] TestScenario3 - Navigated to Shopsy URL: https://seller.flipkart.com/shopsy
[INFO ] 2024-06-12 20:41:08.618 [main] TestScenario3 - Test Shopsy passed
[INFO ] 2024-06-12 20:41:29.868 [main] TestScenario3 - Navigated to URL: https://www.flipkart.com/
[INFO ] 2024-06-12 20:41:30.070 [main] TestScenario3 - Click on the dropdown where notifications are shown
[INFO ] 2024-06-12 20:41:31.526 [main] TestScenario3 - All the notifications are shown
[INFO ] 2024-06-12 20:41:53.313 [main] TestScenario3 - Navigated to URL: https://www.flipkart.com/
[INFO ] 2024-06-12 20:41:53.684 [main] TestScenario3 - Click on the Myntra link
[INFO ] 2024-06-12 20:42:14.825 [main] TestScenario3 - Navigated to URL: https://www.flipkart.com/
[INFO ] 2024-06-12 20:42:16.972 [main] TestScenario3 - Click on the Terms And Conditions Page
[INFO ] 2024-06-12 20:42:38.391 [main] TestScenario3 - Navigated to URL: https://www.flipkart.com/
[INFO ] 2024-06-12 20:42:40.414 [main] TestScenario3 - Clicked on Appliances link
[INFO ] 2024-06-12 20:42:40.749 [main] TestScenario3 - Clicked on Offer Zone Page link
[INFO ] 2024-06-12 20:42:42.404 [main] TestScenario3 - Clicked on Offer Product Page link
[INFO ] 2024-06-12 20:42:47.491 [main] AddtocartTest - Navigated to URL: https://www.flipkart.com/
[INFO ] 2024-06-12 20:43:20.052 [main] AddtocartTest - Entered search data: iphone
[INFO ] 2024-06-12 20:43:20.331 [main] AddtocartTest - Selected the product
[INFO ] 2024-06-12 20:43:50.969 [main] AddtocartTest - Product was successfully added to the cart.
[INFO ] 2024-06-12 20:43:50.969 [main] AddtocartTest - Test passed: testSearch
[INFO ] 2024-06-12 20:44:11.981 [main] SearchProduct - Launching browser
[INFO ] 2024-06-12 20:44:12.244 [main] SearchProduct - Performed search for: iphone
[INFO ] 2024-06-12 20:44:29.382 [main] SearchProduct - Click on the search button
[INFO ] 2024-06-12 20:44:29.382 [main] SearchProduct - Search product successful
[INFO ] 2024-06-12 20:47:13.647 [main] GroceryTestPage - Navigated to URL: https://www.flipkart.com/
[INFO ] 2024-06-12 20:47:15.747 [main] GroceryTestPage - Clicked on Grocery
[INFO ] 2024-06-12 20:47:16.964 [main] GroceryTestPage - Clicked on Current Location 
[INFO ] 2024-06-12 20:47:18.414 [main] GroceryTestPage - Clicked on Staples
[INFO ] 2024-06-12 20:47:19.797 [main] GroceryTestPage - Added Item to Cart
[INFO ] 2024-06-12 20:47:20.046 [main] GroceryTestPage - Viewed Cart Item
[INFO ] 2024-06-12 20:48:02.517 [main] GroceryTestPage - Navigated to URL: https://www.flipkart.com/
[INFO ] 2024-06-12 20:48:04.367 [main] GroceryTestPage - Clicked on Grocery
[INFO ] 2024-06-12 20:48:05.338 [main] GroceryTestPage - Clicked on Current Location 
[INFO ] 2024-06-12 20:48:07.204 [main] GroceryTestPage - Clicked on Staples
[INFO ] 2024-06-12 20:48:08.670 [main] GroceryTestPage - Added Item to Cart
[INFO ] 2024-06-12 20:48:08.922 [main] GroceryTestPage - Viewed Cart Item
[INFO ] 2024-06-12 21:18:51.046 [main] GroceryTestPage - Navigated to URL: https://www.flipkart.com/
[INFO ] 2024-06-12 21:18:52.606 [main] GroceryTestPage - Clicked on Grocery
[INFO ] 2024-06-12 21:18:54.156 [main] GroceryTestPage - Clicked on Current Location 
[INFO ] 2024-06-12 21:18:56.295 [main] GroceryTestPage - Clicked on Staples
[INFO ] 2024-06-12 21:18:57.593 [main] GroceryTestPage - Added Item to Cart
[INFO ] 2024-06-12 21:18:57.811 [main] GroceryTestPage - Viewed Cart Item
[INFO ] 2024-06-12 21:21:22.125 [main] GroceryTestPage - Navigated to URL: https://www.flipkart.com/
[INFO ] 2024-06-12 21:21:23.729 [main] GroceryTestPage - Clicked on Grocery
[INFO ] 2024-06-12 21:21:25.353 [main] GroceryTestPage - Clicked on Current Location 
[INFO ] 2024-06-12 21:21:26.949 [main] GroceryTestPage - Clicked on Staples
[INFO ] 2024-06-12 21:21:28.632 [main] GroceryTestPage - Added Item to Cart
[INFO ] 2024-06-12 21:21:28.891 [main] GroceryTestPage - Viewed Cart Item
[INFO ] 2024-06-12 21:21:50.238 [main] MobilePageTest - Navigated to URL: https://www.flipkart.com/
[INFO ] 2024-06-12 21:21:50.473 [main] MobilePageTest - Mobiles image is clickable
[INFO ] 2024-06-12 21:21:52.946 [main] MobilePageTest - Clicked on Mobiles Image
[INFO ] 2024-06-12 21:22:13.688 [main] SellerTestPage - Navigated to URL: https://www.flipkart.com/
[INFO ] 2024-06-12 21:22:45.822 [main] SellerTestPage - Clicked on Seller
[INFO ] 2024-06-12 21:23:01.726 [main] SellerTestPage - Clicked on Start Selling
[INFO ] 2024-06-12 21:23:01.781 [main] SellerTestPage - Username field is displayed
[INFO ] 2024-06-12 21:23:01.829 [main] SellerTestPage - Email field is displayed
[INFO ] 2024-06-12 21:23:23.306 [main] SignupTest - Launching browser
[INFO ] 2024-06-12 21:23:24.676 [main] SignupTest - Clicked on the signup link
[INFO ] 2024-06-12 21:23:26.178 [main] SignupTest - Clicked on Create new account link
[INFO ] 2024-06-12 21:23:26.469 [main] SignupTest - Entered the phone number to register
[INFO ] 2024-06-12 21:23:26.604 [main] SignupTest - Sign up successful
[INFO ] 2024-06-12 21:23:48.195 [main] ViewCartTest - Navigated to URL: https://www.flipkart.com/
[INFO ] 2024-06-12 21:23:49.858 [main] ViewCartTest - Clicked on view cart icon
[INFO ] 2024-06-12 21:24:10.636 [main] TravelTestPage - Navigated to URL: https://www.flipkart.com/
[INFO ] 2024-06-12 21:24:12.371 [main] TravelTestPage - Clicked on Travel Image
[INFO ] 2024-06-12 21:24:13.644 [main] TravelTestPage - From input field is displayed
[INFO ] 2024-06-12 21:24:13.729 [main] TravelTestPage - To input field is displayed
[INFO ] 2024-06-12 21:24:14.015 [main] TravelTestPage - Search button is displayed
[INFO ] 2024-06-12 21:24:36.853 [main] AppliancesTestPage - Navigated to URL: https://www.flipkart.com/
[INFO ] 2024-06-12 21:24:36.965 [main] AppliancesTestPage - Appliances link is visible
[INFO ] 2024-06-12 21:24:38.923 [main] AppliancesTestPage - Clicked on Appliances
[INFO ] 2024-06-12 21:25:03.482 [main] LoginTest - Navigated to URL: https://www.flipkart.com/
[INFO ] 2024-06-12 21:25:04.910 [main] LoginTest - Clicked Login
[INFO ] 2024-06-12 21:25:06.450 [main] LoginTest - Entered Username: 9452271671
[INFO ] 2024-06-12 21:25:06.641 [main] LoginTest - Clicked Submit
[INFO ] 2024-06-12 21:25:06.641 [main] LoginTest - Test completed for value: 9452271671
[INFO ] 2024-06-12 21:25:27.978 [main] TestScenario4 - Navigated to URL: https://www.flipkart.com/
[INFO ] 2024-06-12 21:25:28.246 [main] TestScenario4 - Enter product to search
[INFO ] 2024-06-12 21:25:44.861 [main] TestScenario4 - Click on the search button
[INFO ] 2024-06-12 21:25:45.194 [main] TestScenario4 - Click on the Add to compare button
[INFO ] 2024-06-12 21:25:45.506 [main] TestScenario4 - Compare button tested successfully to compare two products.
[INFO ] 2024-06-12 21:26:05.869 [main] TestScenario4 - Navigated to URL
[INFO ] 2024-06-12 21:26:07.198 [main] TestScenario4 - Clicked on view cart icon successfully
[INFO ] 2024-06-12 21:26:09.911 [main] TestScenario4 - Clicked on Flipkart Plus icon successfully
[INFO ] 2024-06-12 21:26:09.911 [main] TestScenario4 - Successfully go back to homepage by clicking on Flipkart Plus
[INFO ] 2024-06-12 21:26:30.605 [main] TestScenario4 - Navigated to URL
[INFO ] 2024-06-12 21:26:31.012 [main] TestScenario4 - Click on the ClearTrip page
[INFO ] 2024-06-12 21:26:31.012 [main] TestScenario4 - Successfully displayed the ClearTrip Page
[INFO ] 2024-06-12 21:26:53.053 [main] TestScenario4 - Navigated to URL
[INFO ] 2024-06-12 21:26:54.602 [main] TestScenario4 - Click on the GiftCards Page
[INFO ] 2024-06-12 21:26:56.702 [main] TestScenario4 - Click on the wallet
[INFO ] 2024-06-12 21:26:56.702 [main] TestScenario4 - Wallet Form is successfully shown
[INFO ] 2024-06-12 21:27:18.164 [main] TestScenario4 - Navigated to URL
[INFO ] 2024-06-12 21:27:20.400 [main] TestScenario4 - Click on the Cancellation Policy Page
[INFO ] 2024-06-12 21:27:20.416 [main] TestScenario4 - Order Cancellation Page is successfully showing
[INFO ] 2024-06-12 21:27:41.474 [main] TestScenario3 - Navigated to URL: https://www.flipkart.com/
[INFO ] 2024-06-12 21:28:13.626 [main] TestScenario3 - Navigated to Shopsy URL: https://seller.flipkart.com/shopsy
[INFO ] 2024-06-12 21:28:13.670 [main] TestScenario3 - Test Shopsy passed
[INFO ] 2024-06-12 21:28:36.771 [main] TestScenario3 - Navigated to URL: https://www.flipkart.com/
[INFO ] 2024-06-12 21:28:37.014 [main] TestScenario3 - Click on the dropdown where notifications are shown
[INFO ] 2024-06-12 21:28:38.884 [main] TestScenario3 - All the notifications are shown
[INFO ] 2024-06-12 21:29:00.324 [main] TestScenario3 - Navigated to URL: https://www.flipkart.com/
[INFO ] 2024-06-12 21:29:00.672 [main] TestScenario3 - Click on the Myntra link
[INFO ] 2024-06-12 21:29:21.145 [main] TestScenario3 - Navigated to URL: https://www.flipkart.com/
[INFO ] 2024-06-12 21:29:22.703 [main] TestScenario3 - Click on the Terms And Conditions Page
[INFO ] 2024-06-12 21:29:44.456 [main] TestScenario3 - Navigated to URL: https://www.flipkart.com/
[INFO ] 2024-06-12 21:29:47.313 [main] TestScenario3 - Clicked on Appliances link
[INFO ] 2024-06-12 21:29:47.637 [main] TestScenario3 - Clicked on Offer Zone Page link
[INFO ] 2024-06-12 21:29:49.433 [main] TestScenario3 - Clicked on Offer Product Page link
[INFO ] 2024-06-12 21:30:10.036 [main] AddtocartTest - Navigated to URL: https://www.flipkart.com/
[INFO ] 2024-06-12 21:30:26.605 [main] AddtocartTest - Entered search data: iphone
[INFO ] 2024-06-12 21:30:26.913 [main] AddtocartTest - Selected the product
[INFO ] 2024-06-12 21:30:57.579 [main] AddtocartTest - Product was successfully added to the cart.
[INFO ] 2024-06-12 21:30:57.582 [main] AddtocartTest - Test passed: testSearch
[INFO ] 2024-06-12 21:31:19.587 [main] SearchProduct - Launching browser
[INFO ] 2024-06-12 21:31:19.815 [main] SearchProduct - Performed search for: iphone
[INFO ] 2024-06-12 21:31:37.276 [main] SearchProduct - Click on the search button
[INFO ] 2024-06-12 21:31:37.276 [main] SearchProduct - Search product successful
